frange = 5.987840374984723 A
float64
WARNING: Potential_initialise using default init_args "Potential xml_label=GAP_2019_9_16_-360_7_11_25_660"
WARNING: Potential_calc: cutoff of Atoms object (-1.0000000000000000) < Potential cutoff (10.000000000000000) - increasing it now
IPModel_Coulomb_Calc: unknown method, will use ewald
WARNING: Potential_initialise using default init_args "Potential xml_label=GAP_2019_9_16_-360_7_11_25_660"
IPModel_Coulomb_Calc: unknown method, will use ewald
WARNING: Potential_initialise using default init_args "Potential xml_label=GAP_2019_9_16_-360_7_11_25_660"
IPModel_Coulomb_Calc: unknown method, will use ewald
WARNING: Potential_initialise using default init_args "Potential xml_label=GAP_2019_9_16_-360_7_11_25_660"
IPModel_Coulomb_Calc: unknown method, will use ewald
WARNING: Potential_initialise using default init_args "Potential xml_label=GAP_2019_9_16_-360_7_11_25_660"
IPModel_Coulomb_Calc: unknown method, will use ewald
WARNING: Potential_initialise using default init_args "Potential xml_label=GAP_2019_9_16_-360_7_11_25_660"
IPModel_Coulomb_Calc: unknown method, will use ewald
WARNING: Potential_initialise using default init_args "Potential xml_label=GAP_2019_9_16_-360_7_11_25_660"
IPModel_Coulomb_Calc: unknown method, will use ewald
WARNING: Potential_initialise using default init_args "Potential xml_label=GAP_2019_9_16_-360_7_11_25_660"
IPModel_Coulomb_Calc: unknown method, will use ewald
WARNING: Potential_initialise using default init_args "Potential xml_label=GAP_2019_9_16_-360_7_11_25_660"
IPModel_Coulomb_Calc: unknown method, will use ewald
WARNING: Potential_initialise using default init_args "Potential xml_label=GAP_2019_9_16_-360_7_11_25_660"
IPModel_Coulomb_Calc: unknown method, will use ewald
WARNING: Potential_initialise using default init_args "Potential xml_label=GAP_2019_9_16_-360_7_11_25_660"
IPModel_Coulomb_Calc: unknown method, will use ewald
WARNING: Potential_initialise using default init_args "Potential xml_label=GAP_2019_9_16_-360_7_11_25_660"
IPModel_Coulomb_Calc: unknown method, will use ewald
WARNING: Potential_initialise using default init_args "Potential xml_label=GAP_2019_9_16_-360_7_11_25_660"
IPModel_Coulomb_Calc: unknown method, will use ewald
WARNING: Potential_initialise using default init_args "Potential xml_label=GAP_2019_9_16_-360_7_11_25_660"
IPModel_Coulomb_Calc: unknown method, will use ewald
WARNING: Potential_initialise using default init_args "Potential xml_label=GAP_2019_9_16_-360_7_11_25_660"
IPModel_Coulomb_Calc: unknown method, will use ewald
WARNING: Potential_initialise using default init_args "Potential xml_label=GAP_2019_9_16_-360_7_11_25_660"
IPModel_Coulomb_Calc: unknown method, will use ewald
WARNING: Potential_initialise using default init_args "Potential xml_label=GAP_2019_9_16_-360_7_11_25_660"
IPModel_Coulomb_Calc: unknown method, will use ewald
WARNING: Potential_initialise using default init_args "Potential xml_label=GAP_2019_9_16_-360_7_11_25_660"
IPModel_Coulomb_Calc: unknown method, will use ewald
WARNING: Potential_initialise using default init_args "Potential xml_label=GAP_2019_9_16_-360_7_11_25_660"
IPModel_Coulomb_Calc: unknown method, will use ewald
WARNING: Potential_initialise using default init_args "Potential xml_label=GAP_2019_9_16_-360_7_11_25_660"
IPModel_Coulomb_Calc: unknown method, will use ewald
WARNING: Potential_initialise using default init_args "Potential xml_label=GAP_2019_9_16_-360_7_11_25_660"
IPModel_Coulomb_Calc: unknown method, will use ewald
WARNING: Potential_initialise using default init_args "Potential xml_label=GAP_2019_9_16_-360_7_11_25_660"
IPModel_Coulomb_Calc: unknown method, will use ewald
WARNING: Potential_initialise using default init_args "Potential xml_label=GAP_2019_9_16_-360_7_11_25_660"
IPModel_Coulomb_Calc: unknown method, will use ewald
WARNING: Potential_initialise using default init_args "Potential xml_label=GAP_2019_9_16_-360_7_11_25_660"
IPModel_Coulomb_Calc: unknown method, will use ewald
WARNING: Potential_initialise using default init_args "Potential xml_label=GAP_2019_9_16_-360_7_11_25_660"
IPModel_Coulomb_Calc: unknown method, will use ewald
WARNING: Potential_initialise using default init_args "Potential xml_label=GAP_2019_9_16_-360_7_11_25_660"
WARNING: Potential_calc: cutoff of Atoms object (-1.0000000000000000) < Potential cutoff (10.000000000000000) - increasing it now
IPModel_Coulomb_Calc: unknown method, will use ewald
WARNING: Potential_initialise using default init_args "Potential xml_label=GAP_2019_9_16_-360_7_11_25_660"
IPModel_Coulomb_Calc: unknown method, will use ewald
WARNING: Potential_initialise using default init_args "Potential xml_label=GAP_2019_9_16_-360_7_11_25_660"
IPModel_Coulomb_Calc: unknown method, will use ewald
WARNING: Potential_initialise using default init_args "Potential xml_label=GAP_2019_9_16_-360_7_11_25_660"
IPModel_Coulomb_Calc: unknown method, will use ewald
WARNING: Potential_initialise using default init_args "Potential xml_label=GAP_2019_9_16_-360_7_11_25_660"
IPModel_Coulomb_Calc: unknown method, will use ewald
WARNING: Potential_initialise using default init_args "Potential xml_label=GAP_2019_9_16_-360_7_11_25_660"
IPModel_Coulomb_Calc: unknown method, will use ewald
WARNING: Potential_initialise using default init_args "Potential xml_label=GAP_2019_9_16_-360_7_11_25_660"
IPModel_Coulomb_Calc: unknown method, will use ewald
WARNING: Potential_initialise using default init_args "Potential xml_label=GAP_2019_9_16_-360_7_11_25_660"
IPModel_Coulomb_Calc: unknown method, will use ewald
WARNING: Potential_initialise using default init_args "Potential xml_label=GAP_2019_9_16_-360_7_11_25_660"
IPModel_Coulomb_Calc: unknown method, will use ewald
WARNING: Potential_initialise using default init_args "Potential xml_label=GAP_2019_9_16_-360_7_11_25_660"
IPModel_Coulomb_Calc: unknown method, will use ewald
WARNING: Potential_initialise using default init_args "Potential xml_label=GAP_2019_9_16_-360_7_11_25_660"
IPModel_Coulomb_Calc: unknown method, will use ewald
WARNING: Potential_initialise using default init_args "Potential xml_label=GAP_2019_9_16_-360_7_11_25_660"
IPModel_Coulomb_Calc: unknown method, will use ewald
WARNING: Potential_initialise using default init_args "Potential xml_label=GAP_2019_9_16_-360_7_11_25_660"
IPModel_Coulomb_Calc: unknown method, will use ewald
WARNING: Potential_initialise using default init_args "Potential xml_label=GAP_2019_9_16_-360_7_11_25_660"
IPModel_Coulomb_Calc: unknown method, will use ewald
WARNING: Potential_initialise using default init_args "Potential xml_label=GAP_2019_9_16_-360_7_11_25_660"
IPModel_Coulomb_Calc: unknown method, will use ewald
WARNING: Potential_initialise using default init_args "Potential xml_label=GAP_2019_9_16_-360_7_11_25_660"
IPModel_Coulomb_Calc: unknown method, will use ewald
WARNING: Potential_initialise using default init_args "Potential xml_label=GAP_2019_9_16_-360_7_11_25_660"
IPModel_Coulomb_Calc: unknown method, will use ewald
WARNING: Potential_initialise using default init_args "Potential xml_label=GAP_2019_9_16_-360_7_11_25_660"
IPModel_Coulomb_Calc: unknown method, will use ewald
WARNING: Potential_initialise using default init_args "Potential xml_label=GAP_2019_9_16_-360_7_11_25_660"
IPModel_Coulomb_Calc: unknown method, will use ewald
WARNING: Potential_initialise using default init_args "Potential xml_label=GAP_2019_9_16_-360_7_11_25_660"
IPModel_Coulomb_Calc: unknown method, will use ewald
WARNING: Potential_initialise using default init_args "Potential xml_label=GAP_2019_9_16_-360_7_11_25_660"
IPModel_Coulomb_Calc: unknown method, will use ewald
WARNING: Potential_initialise using default init_args "Potential xml_label=GAP_2019_9_16_-360_7_11_25_660"
IPModel_Coulomb_Calc: unknown method, will use ewald
WARNING: Potential_initialise using default init_args "Potential xml_label=GAP_2019_9_16_-360_7_11_25_660"
IPModel_Coulomb_Calc: unknown method, will use ewald
WARNING: Potential_initialise using default init_args "Potential xml_label=GAP_2019_9_16_-360_7_11_25_660"
IPModel_Coulomb_Calc: unknown method, will use ewald
WARNING: Potential_initialise using default init_args "Potential xml_label=GAP_2019_9_16_-360_7_11_25_660"
IPModel_Coulomb_Calc: unknown method, will use ewald
WARNING: Potential_initialise using default init_args "Potential xml_label=GAP_2019_9_16_-360_7_11_25_660"
IPModel_Coulomb_Calc: unknown method, will use ewald
WARNING: Potential_initialise using default init_args "Potential xml_label=GAP_2019_9_16_-360_7_11_25_660"
IPModel_Coulomb_Calc: unknown method, will use ewald
WARNING: Potential_initialise using default init_args "Potential xml_label=GAP_2019_9_16_-360_7_11_25_660"
IPModel_Coulomb_Calc: unknown method, will use ewald
WARNING: Potential_initialise using default init_args "Potential xml_label=GAP_2019_9_16_-360_7_11_25_660"
IPModel_Coulomb_Calc: unknown method, will use ewald
WARNING: Potential_initialise using default init_args "Potential xml_label=GAP_2019_9_16_-360_7_11_25_660"
IPModel_Coulomb_Calc: unknown method, will use ewald
WARNING: Potential_initialise using default init_args "Potential xml_label=GAP_2019_9_16_-360_7_11_25_660"
IPModel_Coulomb_Calc: unknown method, will use ewald
WARNING: Potential_initialise using default init_args "Potential xml_label=GAP_2019_9_16_-360_7_11_25_660"
IPModel_Coulomb_Calc: unknown method, will use ewald
WARNING: Potential_initialise using default init_args "Potential xml_label=GAP_2019_9_16_-360_7_11_25_660"
IPModel_Coulomb_Calc: unknown method, will use ewald
WARNING: Potential_initialise using default init_args "Potential xml_label=GAP_2019_9_16_-360_7_11_25_660"
IPModel_Coulomb_Calc: unknown method, will use ewald
WARNING: Potential_initialise using default init_args "Potential xml_label=GAP_2019_9_16_-360_7_11_25_660"
IPModel_Coulomb_Calc: unknown method, will use ewald
WARNING: Potential_initialise using default init_args "Potential xml_label=GAP_2019_9_16_-360_7_11_25_660"
IPModel_Coulomb_Calc: unknown method, will use ewald
WARNING: Potential_initialise using default init_args "Potential xml_label=GAP_2019_9_16_-360_7_11_25_660"
IPModel_Coulomb_Calc: unknown method, will use ewald
WARNING: Potential_initialise using default init_args "Potential xml_label=GAP_2019_9_16_-360_7_11_25_660"
IPModel_Coulomb_Calc: unknown method, will use ewald
WARNING: Potential_initialise using default init_args "Potential xml_label=GAP_2019_9_16_-360_7_11_25_660"
IPModel_Coulomb_Calc: unknown method, will use ewald
WARNING: Potential_initialise using default init_args "Potential xml_label=GAP_2019_9_16_-360_7_11_25_660"
IPModel_Coulomb_Calc: unknown method, will use ewald
WARNING: Potential_initialise using default init_args "Potential xml_label=GAP_2019_9_16_-360_7_11_25_660"
IPModel_Coulomb_Calc: unknown method, will use ewald
WARNING: Potential_initialise using default init_args "Potential xml_label=GAP_2019_9_16_-360_7_11_25_660"
IPModel_Coulomb_Calc: unknown method, will use ewald
WARNING: Potential_initialise using default init_args "Potential xml_label=GAP_2019_9_16_-360_7_11_25_660"
IPModel_Coulomb_Calc: unknown method, will use ewald
WARNING: Potential_initialise using default init_args "Potential xml_label=GAP_2019_9_16_-360_7_11_25_660"
IPModel_Coulomb_Calc: unknown method, will use ewald
WARNING: Potential_initialise using default init_args "Potential xml_label=GAP_2019_9_16_-360_7_11_25_660"
IPModel_Coulomb_Calc: unknown method, will use ewald
WARNING: Potential_initialise using default init_args "Potential xml_label=GAP_2019_9_16_-360_7_11_25_660"
IPModel_Coulomb_Calc: unknown method, will use ewald
WARNING: Potential_initialise using default init_args "Potential xml_label=GAP_2019_9_16_-360_7_11_25_660"
IPModel_Coulomb_Calc: unknown method, will use ewald
WARNING: Potential_initialise using default init_args "Potential xml_label=GAP_2019_9_16_-360_7_11_25_660"
IPModel_Coulomb_Calc: unknown method, will use ewald
WARNING: Potential_initialise using default init_args "Potential xml_label=GAP_2019_9_16_-360_7_11_25_660"
IPModel_Coulomb_Calc: unknown method, will use ewald
WARNING: Potential_initialise using default init_args "Potential xml_label=GAP_2019_9_16_-360_7_11_25_660"
IPModel_Coulomb_Calc: unknown method, will use ewald
WARNING: Potential_initialise using default init_args "Potential xml_label=GAP_2019_9_16_-360_7_11_25_660"
WARNING: Potential_initialise using default init_args "Potential xml_label=GAP_2019_9_16_-360_7_11_25_660"
IPModel_Coulomb_Calc: unknown method, will use ewald
WARNING: Potential_initialise using default init_args "Potential xml_label=GAP_2019_9_16_-360_7_11_25_660"
IPModel_Coulomb_Calc: unknown method, will use ewald
WARNING: Potential_initialise using default init_args "Potential xml_label=GAP_2019_9_16_-360_7_11_25_660"
IPModel_Coulomb_Calc: unknown method, will use ewald
WARNING: Potential_initialise using default init_args "Potential xml_label=GAP_2019_9_16_-360_7_11_25_660"
IPModel_Coulomb_Calc: unknown method, will use ewald
WARNING: Potential_initialise using default init_args "Potential xml_label=GAP_2019_9_16_-360_7_11_25_660"
IPModel_Coulomb_Calc: unknown method, will use ewald
WARNING: Potential_initialise using default init_args "Potential xml_label=GAP_2019_9_16_-360_7_11_25_660"
IPModel_Coulomb_Calc: unknown method, will use ewald
WARNING: Potential_initialise using default init_args "Potential xml_label=GAP_2019_9_16_-360_7_11_25_660"
IPModel_Coulomb_Calc: unknown method, will use ewald
WARNING: Potential_initialise using default init_args "Potential xml_label=GAP_2019_9_16_-360_7_11_25_660"
IPModel_Coulomb_Calc: unknown method, will use ewald
WARNING: Potential_initialise using default init_args "Potential xml_label=GAP_2019_9_16_-360_7_11_25_660"
IPModel_Coulomb_Calc: unknown method, will use ewald
WARNING: Potential_initialise using default init_args "Potential xml_label=GAP_2019_9_16_-360_7_11_25_660"
IPModel_Coulomb_Calc: unknown method, will use ewald
WARNING: Potential_initialise using default init_args "Potential xml_label=GAP_2019_9_16_-360_7_11_25_660"
IPModel_Coulomb_Calc: unknown method, will use ewald
WARNING: Potential_initialise using default init_args "Potential xml_label=GAP_2019_9_16_-360_7_11_25_660"
IPModel_Coulomb_Calc: unknown method, will use ewald
WARNING: Potential_initialise using default init_args "Potential xml_label=GAP_2019_9_16_-360_7_11_25_660"
IPModel_Coulomb_Calc: unknown method, will use ewald
WARNING: Potential_initialise using default init_args "Potential xml_label=GAP_2019_9_16_-360_7_11_25_660"
IPModel_Coulomb_Calc: unknown method, will use ewald
WARNING: Potential_initialise using default init_args "Potential xml_label=GAP_2019_9_16_-360_7_11_25_660"
IPModel_Coulomb_Calc: unknown method, will use ewald
WARNING: Potential_initialise using default init_args "Potential xml_label=GAP_2019_9_16_-360_7_11_25_660"
IPModel_Coulomb_Calc: unknown method, will use ewald
WARNING: Potential_initialise using default init_args "Potential xml_label=GAP_2019_9_16_-360_7_11_25_660"
IPModel_Coulomb_Calc: unknown method, will use ewald
WARNING: Potential_initialise using default init_args "Potential xml_label=GAP_2019_9_16_-360_7_11_25_660"
IPModel_Coulomb_Calc: unknown method, will use ewald
WARNING: Potential_initialise using default init_args "Potential xml_label=GAP_2019_9_16_-360_7_11_25_660"
IPModel_Coulomb_Calc: unknown method, will use ewald
WARNING: Potential_initialise using default init_args "Potential xml_label=GAP_2019_9_16_-360_7_11_25_660"
IPModel_Coulomb_Calc: unknown method, will use ewald
WARNING: Potential_initialise using default init_args "Potential xml_label=GAP_2019_9_16_-360_7_11_25_660"
IPModel_Coulomb_Calc: unknown method, will use ewald
WARNING: Potential_initialise using default init_args "Potential xml_label=GAP_2019_9_16_-360_7_11_25_660"
IPModel_Coulomb_Calc: unknown method, will use ewald
WARNING: Potential_initialise using default init_args "Potential xml_label=GAP_2019_9_16_-360_7_11_25_660"
IPModel_Coulomb_Calc: unknown method, will use ewald
WARNING: Potential_initialise using default init_args "Potential xml_label=GAP_2019_9_16_-360_7_11_25_660"
IPModel_Coulomb_Calc: unknown method, will use ewald
WARNING: Potential_initialise using default init_args "Potential xml_label=GAP_2019_9_16_-360_7_11_25_660"
IPModel_Coulomb_Calc: unknown method, will use ewald
WARNING: Potential_initialise using default init_args "Potential xml_label=GAP_2019_9_16_-360_7_11_25_660"
- Storing the coefficients in a dense matrix
