        _                      _____
  _ __ | |__   ___  _ __   ___|___ / _ __  _   _
 | '_ \| '_ \ / _ \| '_ \ / _ \ |_ \| '_ \| | | |
 | |_) | | | | (_) | | | | (_) |__) | |_) | |_| |
 | .__/|_| |_|\___/|_| |_|\___/____/| .__/ \__, |
 |_|                                |_|    |___/ 
                                       2.3.2

Python version 3.9.12
Spglib version 1.16.2
----------------------------- General settings -----------------------------
Run mode: conductivity-RTA
HDF5 data compression filter: gzip
Crystal structure was read from "POSCAR".
Supercell (dim): [3 3 3]
Spacegroup: Fm-3m (225)
Use -v option to watch primitive cell, unit cell, and supercell structures.
NAC parameters were read from "BORN".
----------------------------- Force constants ------------------------------
Imposing translational and index exchange symmetry to fc2: False
Imposing translational and index exchange symmetry to fc3: False
Reading fc3 from "fc3.hdf5".
Max drift of fc3: 0.000002 (xxy) 0.000002 (xxy) 0.000002 (xyx)
Reading fc2 from "fc2.hdf5".
Max drift of fc2: -0.000000 (zz) -0.000000 (zz)
--------------------------- Calculation settings ---------------------------
Non-analytical term correction (NAC): True
NAC unit conversion factor:  14.39965
BZ integration: Tetrahedron-method
Temperature:  300.0 
Cutoff frequency: 0.01
Frequency conversion factor to THz:  15.63330
Mesh sampling: [ 17 17 17 ]
Generating grid system ... [ 17 17 17 ]
--------------------------- Phonon calculations ----------------------------
Use NAC by Gonze et al. (no real space sum in current implementation)
  PRB 50, 13035(R) (1994), PRB 55, 10355 (1997)
  G-cutoff distance: 1.17, Number of G-points: 307, Lambda: 0.19
Running harmonic phonon calculations...
-------------------- Lattice thermal conducitivity (RTA) --------------------
======================= Grid point 0 (1/165) =======================
q-point: ( 0.00  0.00  0.00)
Boundary mean free path (millimetre): 1000.000
Number of triplets: 165
Frequency     group velocity (x, y, z)     |gv|  (dq=1.0e-05)
   0.000   (   0.000    0.000    0.000)    0.000
   0.000   (   0.000    0.000    0.000)    0.000
   0.000   (   0.000    0.000    0.000)    0.000
   9.189   (   0.000    0.000    0.000)    0.000
   9.189   (   0.000    0.000    0.000)    0.000
   9.189   (   0.000    0.000    0.000)    0.000
======================= Grid point 1 (2/165) =======================
q-point: ( 0.06  0.00  0.00)
Boundary mean free path (millimetre): 1000.000
Number of triplets: 489
Frequency     group velocity (x, y, z)     |gv|  (dq=1.0e-05)
   0.933   ( -29.805   29.805   29.805)   51.624
   0.933   ( -29.805   29.805   29.805)   51.624
   1.586   ( -50.301   50.301   50.301)   87.124
   9.159   (   1.884   -1.884   -1.884)    3.263
   9.159   (   1.884   -1.884   -1.884)    3.263
  10.623   (   1.167   -1.167   -1.167)    2.021
======================= Grid point 2 (3/165) =======================
q-point: ( 0.12  0.00  0.00)
Boundary mean free path (millimetre): 1000.000
Number of triplets: 489
Frequency     group velocity (x, y, z)     |gv|  (dq=1.0e-05)
   1.858   ( -29.440   29.440   29.440)   50.992
   1.858   ( -29.440   29.440   29.440)   50.992
   3.124   ( -48.004   48.004   48.004)   83.146
   9.072   (   3.696   -3.696   -3.696)    6.402
   9.072   (   3.696   -3.696   -3.696)    6.402
  10.573   (   1.952   -1.952   -1.952)    3.380
======================= Grid point 3 (4/165) =======================
q-point: ( 0.18  0.00  0.00)
Boundary mean free path (millimetre): 1000.000
Number of triplets: 489
Frequency     group velocity (x, y, z)     |gv|  (dq=1.0e-05)
   2.767   ( -28.717   28.717   28.717)   49.739
   2.767   ( -28.717   28.717   28.717)   49.739
   4.567   ( -44.185   44.185   44.185)   76.531
   8.930   (   5.406   -5.406   -5.406)    9.364
   8.930   (   5.406   -5.406   -5.406)    9.364
  10.508   (   2.144   -2.144   -2.144)    3.713
======================= Grid point 4 (5/165) =======================
q-point: ( 0.24  0.00  0.00)
Boundary mean free path (millimetre): 1000.000
Number of triplets: 489
Frequency     group velocity (x, y, z)     |gv|  (dq=1.0e-05)
   3.645   ( -27.504   27.504   27.504)   47.639
   3.645   ( -27.504   27.504   27.504)   47.639
   5.867   ( -38.886   38.886   38.886)   67.353
   8.735   (   7.042   -7.042   -7.042)   12.196
   8.735   (   7.042   -7.042   -7.042)   12.196
  10.445   (   1.802   -1.802   -1.802)    3.121
======================= Grid point 5 (6/165) =======================
q-point: ( 0.29  0.00  0.00)
Boundary mean free path (millimetre): 1000.000
Number of triplets: 489
Frequency     group velocity (x, y, z)     |gv|  (dq=1.0e-05)
   4.477   ( -25.671   25.671   25.671)   44.464
   4.477   ( -25.671   25.671   25.671)   44.464
   6.980   ( -32.209   32.209   32.209)   55.787
   8.491   (   8.647   -8.647   -8.647)   14.977
   8.491   (   8.647   -8.647   -8.647)   14.977
  10.398   (   1.221   -1.221   -1.221)    2.115
======================= Grid point 6 (7/165) =======================
q-point: ( 0.35  0.00  0.00)
Boundary mean free path (millimetre): 1000.000
Number of triplets: 489
Frequency     group velocity (x, y, z)     |gv|  (dq=1.0e-05)
   5.239   ( -23.034   23.034   23.034)   39.895
   5.239   ( -23.034   23.034   23.034)   39.895
   7.864   ( -24.305   24.305   24.305)   42.098
   8.197   (  10.150  -10.150  -10.150)   17.581
   8.197   (  10.150  -10.150  -10.150)   17.581
  10.368   (   0.748   -0.748   -0.748)    1.296
======================= Grid point 7 (8/165) =======================
q-point: ( 0.41  0.00  0.00)
Boundary mean free path (millimetre): 1000.000
Number of triplets: 489
Frequency     group velocity (x, y, z)     |gv|  (dq=1.0e-05)
   5.900   ( -18.924   18.924   18.924)   32.777
   5.900   ( -18.924   18.924   18.924)   32.777
   7.864   (  10.861  -10.861  -10.861)   18.812
   7.864   (  10.861  -10.861  -10.861)   18.812
   8.485   ( -15.307   15.307   15.307)   26.513
  10.349   (   0.506   -0.506   -0.506)    0.876
======================= Grid point 8 (9/165) =======================
q-point: ( 0.47  0.00  0.00)
Boundary mean free path (millimetre): 1000.000
Number of triplets: 489
Frequency     group velocity (x, y, z)     |gv|  (dq=1.0e-05)
   6.369   (  -9.492    9.492    9.492)   16.440
   6.369   (  -9.492    9.492    9.492)   16.440
   7.565   (   6.743   -6.743   -6.743)   11.680
   7.565   (   6.743   -6.743   -6.743)   11.680
   8.809   (  -5.281    5.281    5.281)    9.148
  10.337   (   0.225   -0.225   -0.225)    0.390
======================= Grid point 18 (10/165) =======================
q-point: ( 0.06  0.06  0.00)
Boundary mean free path (millimetre): 1000.000
Number of triplets: 405
Frequency     group velocity (x, y, z)     |gv|  (dq=1.0e-05)
   1.024   (   0.000    0.000   48.309)   48.309
   1.024   (   0.000    0.000   48.309)   48.309
   1.886   (   0.000    0.000   90.096)   90.096
   9.218   (   0.000    0.000    2.777)    2.777
   9.218   (   0.000    0.000    2.777)    2.777
  10.502   (  -0.000   -0.000  -13.166)   13.166
======================= Grid point 19 (11/165) =======================
q-point: ( 0.12  0.06  0.00)
Boundary mean free path (millimetre): 1000.000
Number of triplets: 1305
Frequency     group velocity (x, y, z)     |gv|  (dq=1.0e-05)
   1.702   ( -16.710   16.710   41.393)   47.664
   1.755   ( -19.898   19.898   42.544)   51.008
   3.051   ( -22.069   22.069   80.050)   85.919
   9.130   (   8.717   -8.717    1.140)   12.381
   9.217   (   3.546   -3.546    4.170)    6.521
  10.431   (  -6.241    6.241  -15.721)   18.029
======================= Grid point 20 (12/165) =======================
q-point: ( 0.18  0.06  0.00)
Boundary mean free path (millimetre): 1000.000
Number of triplets: 1305
Frequency     group velocity (x, y, z)     |gv|  (dq=1.0e-05)
   2.509   ( -22.279   22.279   34.342)   46.605
   2.646   ( -23.563   23.563   40.160)   52.185
   4.365   ( -29.089   29.089   67.439)   78.995
   8.922   (   8.793   -8.793   -5.166)   13.465
   9.157   (   7.031   -7.031    5.423)   11.326
  10.403   (  -5.119    5.119  -12.757)   14.668
======================= Grid point 21 (13/165) =======================
q-point: ( 0.24  0.06  0.00)
Boundary mean free path (millimetre): 1000.000
Number of triplets: 1305
Frequency     group velocity (x, y, z)     |gv|  (dq=1.0e-05)
   3.326   ( -24.514   24.514   28.445)   44.844
   3.552   ( -23.241   23.241   39.878)   51.677
   5.627   ( -29.831   29.831   56.092)   70.185
   8.665   (   7.523   -7.523  -11.277)   15.503
   9.037   (  10.400  -10.400    6.310)   16.004
  10.378   (  -3.259    3.259   -8.778)    9.914
======================= Grid point 22 (14/165) =======================
q-point: ( 0.29  0.06  0.00)
Boundary mean free path (millimetre): 1000.000
Number of triplets: 1305
Frequency     group velocity (x, y, z)     |gv|  (dq=1.0e-05)
   4.112   ( -25.257   25.257   22.887)   42.422
   4.432   ( -21.220   21.220   39.863)   49.896
   6.751   ( -27.039   27.039   45.382)   59.344
   8.378   (   6.578   -6.578  -15.740)   18.283
   8.854   (  13.614  -13.614    6.545)   20.335
  10.358   (  -1.924    1.924   -5.345)    5.997
======================= Grid point 23 (15/165) =======================
q-point: ( 0.35  0.06  0.00)
Boundary mean free path (millimetre): 1000.000
Number of triplets: 1305
Frequency     group velocity (x, y, z)     |gv|  (dq=1.0e-05)
   4.846   ( -24.960   24.960   17.371)   39.341
   5.253   ( -17.940   17.940   39.065)   46.580
   7.680   ( -21.806   21.806   34.855)   46.539
   8.067   (   6.231   -6.231  -18.191)   20.213
   8.605   (  16.588  -16.588    5.881)   24.184
  10.346   (  -1.052    1.052   -2.964)    3.317
======================= Grid point 24 (16/165) =======================
q-point: ( 0.41  0.06  0.00)
Boundary mean free path (millimetre): 1000.000
Number of triplets: 1305
Frequency     group velocity (x, y, z)     |gv|  (dq=1.0e-05)
   5.505   ( -23.555   23.555   11.931)   35.385
   5.972   ( -13.012   13.012   35.557)   40.037
   7.750   (   5.900   -5.900  -17.335)   19.239
   8.286   (  19.009  -19.009    4.217)   27.211
   8.371   ( -14.678   14.678   24.296)   31.956
  10.338   (  -0.450    0.450   -1.703)    1.818
======================= Grid point 25 (17/165) =======================
q-point: ( 0.47  0.06  0.00)
Boundary mean free path (millimetre): 1000.000
Number of triplets: 1305
Frequency     group velocity (x, y, z)     |gv|  (dq=1.0e-05)
   6.061   ( -19.933   19.933    6.709)   28.977
   6.462   (  -3.083    3.083   19.686)   20.163
   7.525   (   1.882   -1.882   -3.956)    4.768
   7.911   (  19.560  -19.560    1.742)   27.716
   8.785   (  -5.935    5.935   13.456)   15.860
  10.329   (  -0.201    0.201   -1.125)    1.161
======================= Grid point 26 (18/165) =======================
q-point: (-0.47  0.06  0.00)
Boundary mean free path (millimetre): 1000.000
Number of triplets: 1305
Frequency     group velocity (x, y, z)     |gv|  (dq=1.0e-05)
   6.413   (  10.513  -10.513   -9.379)   17.579
   6.417   (  -7.518    7.518    1.360)   10.718
   7.565   (  11.445  -11.445   -0.598)   16.196
   7.680   (  -5.002    5.002   22.532)   23.616
   8.888   (   3.993   -3.993    2.400)    6.135
  10.326   (  -0.439    0.439   -0.715)    0.947
======================= Grid point 27 (19/165) =======================
q-point: (-0.41  0.06  0.00)
Boundary mean free path (millimetre): 1000.000
Number of triplets: 1305
Frequency     group velocity (x, y, z)     |gv|  (dq=1.0e-05)
   5.966   (  16.748  -16.748  -18.431)   30.012
   6.286   (  17.658  -17.658   -4.655)   25.403
   7.541   (  -9.515    9.515   -1.542)   13.544
   8.062   (  -4.316    4.316   28.670)   29.312
   8.672   (  14.011  -14.011   -7.485)   21.180
  10.331   (  -0.783    0.783   -0.876)    1.412
======================= Grid point 28 (20/165) =======================
q-point: (-0.35  0.06  0.00)
Boundary mean free path (millimetre): 1000.000
Number of triplets: 1305
Frequency     group velocity (x, y, z)     |gv|  (dq=1.0e-05)
   5.367   (  21.063  -21.063  -20.471)   36.143
   5.714   (  28.244  -28.244   -9.007)   40.946
   7.807   ( -16.112   16.112   -2.755)   22.952
   8.146   (  22.228  -22.228  -16.433)   35.471
   8.440   (  -0.815    0.815   28.944)   28.967
  10.338   (  -1.253    1.253   -1.978)    2.656
======================= Grid point 29 (21/165) =======================
q-point: (-0.29  0.06  0.00)
Boundary mean free path (millimetre): 1000.000
Number of triplets: 1305
Frequency     group velocity (x, y, z)     |gv|  (dq=1.0e-05)
   4.673   (  24.858  -24.858  -20.632)   40.762
   4.971   (  32.098  -32.098  -12.024)   46.960
   7.370   (  31.880  -31.880  -22.589)   50.427
   8.115   ( -16.240   16.240   -3.416)   23.219
   8.741   (   0.515   -0.515   27.178)   27.187
  10.344   (  -2.302    2.302   -3.709)    4.935
======================= Grid point 30 (22/165) =======================
q-point: (-0.24  0.06  0.00)
Boundary mean free path (millimetre): 1000.000
Number of triplets: 1305
Frequency     group velocity (x, y, z)     |gv|  (dq=1.0e-05)
   3.910   (  28.187  -28.187  -19.791)   44.505
   4.144   (  34.196  -34.196  -13.661)   50.253
   6.366   (  40.133  -40.133  -25.695)   62.302
   8.404   ( -14.778   14.778   -3.248)   21.150
   8.981   (   2.257   -2.257   24.370)   24.578
  10.360   (  -3.929    3.929   -5.595)    7.885
======================= Grid point 31 (23/165) =======================
q-point: (-0.18  0.06  0.00)
Boundary mean free path (millimetre): 1000.000
Number of triplets: 1305
Frequency     group velocity (x, y, z)     |gv|  (dq=1.0e-05)
   3.096   (  31.030  -31.030  -17.793)   47.353
   3.274   (  35.621  -35.621  -13.374)   52.121
   5.183   (  47.701  -47.701  -25.039)   71.956
   8.660   ( -12.607   12.607   -2.457)   17.997
   9.153   (   3.498   -3.498   20.071)   20.671
  10.394   (  -5.527    5.527   -6.712)   10.303
======================= Grid point 32 (24/165) =======================
q-point: (-0.12  0.06  0.00)
Boundary mean free path (millimetre): 1000.000
Number of triplets: 1305
Frequency     group velocity (x, y, z)     |gv|  (dq=1.0e-05)
   2.259   (  33.473  -33.473  -13.217)   49.148
   2.396   (  36.812  -36.812   -9.992)   53.010
   3.885   (  54.574  -54.574  -18.457)   79.355
   8.875   (  -9.936    9.936   -1.308)   14.112
   9.248   (   3.779   -3.779   12.471)   13.567
  10.451   (  -6.068    6.068   -5.347)   10.110
======================= Grid point 33 (25/165) =======================
q-point: (-0.06  0.06  0.00)
Boundary mean free path (millimetre): 1000.000
Number of triplets: 729
Frequency     group velocity (x, y, z)     |gv|  (dq=1.0e-05)
   1.461   (  35.093  -35.093    0.000)   49.629
   1.559   (  37.595  -37.595    0.000)   53.167
   2.578   (  59.879  -59.879    0.000)   84.681
   9.044   (  -6.867    6.867   -0.000)    9.711
   9.247   (   2.783   -2.783    0.000)    3.936
  10.537   (  -4.830    4.830   -0.000)    6.831
======================= Grid point 36 (26/165) =======================
q-point: ( 0.12  0.12  0.00)
Boundary mean free path (millimetre): 1000.000
Number of triplets: 405
Frequency     group velocity (x, y, z)     |gv|  (dq=1.0e-05)
   1.994   (   0.000    0.000   44.598)   44.598
   1.994   (   0.000    0.000   44.598)   44.598
   3.737   (   0.000    0.000   87.478)   87.478
   9.305   (   0.000    0.000    5.621)    5.621
   9.305   (   0.000    0.000    5.621)    5.621
  10.119   (  -0.000   -0.000  -22.843)   22.843
======================= Grid point 37 (27/165) =======================
q-point: ( 0.18  0.12  0.00)
Boundary mean free path (millimetre): 1000.000
Number of triplets: 1305
Frequency     group velocity (x, y, z)     |gv|  (dq=1.0e-05)
   2.557   ( -10.589   10.589   39.863)   42.583
   2.630   ( -16.574   16.574   40.699)   46.966
   4.748   ( -10.785   10.785   81.530)   82.944
   9.158   (  14.798  -14.798    0.207)   20.928
   9.333   (   3.644   -3.644    6.918)    8.627
  10.049   ( -12.054   12.054  -18.715)   25.315
======================= Grid point 38 (28/165) =======================
q-point: ( 0.24  0.12  0.00)
Boundary mean free path (millimetre): 1000.000
Number of triplets: 1305
Frequency     group velocity (x, y, z)     |gv|  (dq=1.0e-05)
   3.224   ( -16.206   16.206   33.490)   40.581
   3.466   ( -23.433   23.433   37.851)   50.309
   5.827   ( -15.442   15.442   71.469)   74.731
   8.805   (  14.298  -14.298   -7.283)   21.492
   9.296   (   7.334   -7.334    7.823)   12.991
  10.132   (  -9.820    9.820  -11.198)   17.840
======================= Grid point 39 (29/165) =======================
q-point: ( 0.29  0.12  0.00)
Boundary mean free path (millimetre): 1000.000
Number of triplets: 1305
Frequency     group velocity (x, y, z)     |gv|  (dq=1.0e-05)
   3.910   ( -19.088   19.088   27.061)   38.223
   4.361   ( -24.622   24.622   36.853)   50.701
   6.847   ( -16.251   16.251   59.986)   64.238
   8.434   (  11.872  -11.872  -11.296)   20.235
   9.188   (  11.036  -11.036    8.061)   17.566
  10.209   (  -6.270    6.270   -6.211)   10.826
======================= Grid point 40 (30/165) =======================
q-point: ( 0.35  0.12  0.00)
Boundary mean free path (millimetre): 1000.000
Number of triplets: 1305
Frequency     group velocity (x, y, z)     |gv|  (dq=1.0e-05)
   4.571   ( -20.366   20.366   20.796)   35.524
   5.237   ( -22.571   22.571   36.395)   48.409
   7.730   ( -14.186   14.186   48.001)   52.025
   8.079   (  10.157  -10.157  -12.806)   19.244
   9.001   (  14.700  -14.700    7.409)   22.069
  10.264   (  -3.652    3.652   -3.132)    6.040
======================= Grid point 41 (31/165) =======================
q-point: ( 0.41  0.12  0.00)
Boundary mean free path (millimetre): 1000.000
Number of triplets: 1305
Frequency     group velocity (x, y, z)     |gv|  (dq=1.0e-05)
   5.183   ( -20.516   20.516   14.811)   32.576
   6.034   ( -17.665   17.665   34.651)   42.717
   7.750   (   8.629   -8.629  -11.790)   16.969
   8.421   (  -9.853    9.853   35.899)   38.509
   8.728   (  18.181  -18.181    5.797)   26.357
  10.296   (  -1.820    1.820   -1.558)    3.009
======================= Grid point 42 (32/165) =======================
q-point: ( 0.47  0.12  0.00)
Boundary mean free path (millimetre): 1000.000
Number of triplets: 1305
Frequency     group velocity (x, y, z)     |gv|  (dq=1.0e-05)
   5.727   ( -19.535   19.535    9.315)   29.154
   6.613   (  -5.027    5.027   23.116)   24.184
   7.539   (   1.513   -1.513   -0.856)    2.304
   8.366   (  21.058  -21.058    3.368)   29.970
   8.873   (  -3.458    3.458   23.648)   24.148
  10.309   (  -0.668    0.668   -0.852)    1.272
======================= Grid point 43 (33/165) =======================
q-point: ( 0.53  0.12  0.00)
Boundary mean free path (millimetre): 1000.000
Number of triplets: 1305
Frequency     group velocity (x, y, z)     |gv|  (dq=1.0e-05)
   6.177   ( -16.166   16.166    4.486)   23.297
   6.605   (  12.920  -12.920   -1.434)   18.328
   7.777   (  -9.509    9.509   22.552)   26.257
   7.935   (  21.733  -21.733    0.565)   30.740
   9.045   (   4.616   -4.616   11.403)   13.139
  10.311   (  -0.233    0.233   -0.356)    0.485
======================= Grid point 44 (34/165) =======================
q-point: (-0.41  0.12  0.00)
Boundary mean free path (millimetre): 1000.000
Number of triplets: 1305
Frequency     group velocity (x, y, z)     |gv|  (dq=1.0e-05)
   6.210   (  19.102  -19.102   -7.296)   27.983
   6.429   (  -2.753    2.753   -0.111)    3.895
   7.543   (  12.275  -12.275   -1.440)   17.419
   8.229   (  -7.924    7.924   25.374)   27.739
   8.923   (  13.111  -13.111    2.028)   18.652
  10.309   (  -0.080    0.080   -0.870)    0.877
======================= Grid point 45 (35/165) =======================
q-point: (-0.35  0.12  0.00)
Boundary mean free path (millimetre): 1000.000
Number of triplets: 1305
Frequency     group velocity (x, y, z)     |gv|  (dq=1.0e-05)
   5.685   (  23.355  -23.355   -8.227)   34.038
   6.185   (  22.104  -22.104   -4.738)   31.617
   7.506   (  -8.896    8.896   -1.706)   12.696
   8.412   (  13.903  -13.903   -6.200)   20.617
   8.749   (   3.068   -3.068   25.181)   25.552
  10.290   (  -0.127    0.127   -3.415)    3.420
======================= Grid point 46 (36/165) =======================
q-point: (-0.29  0.12  0.00)
Boundary mean free path (millimetre): 1000.000
Number of triplets: 1305
Frequency     group velocity (x, y, z)     |gv|  (dq=1.0e-05)
   5.072   (  27.219  -27.219   -8.115)   39.339
   5.542   (  31.735  -31.735   -7.059)   45.432
   7.756   ( -15.162   15.162   -2.053)   21.541
   7.810   (  28.593  -28.593  -14.779)   43.052
   9.043   (  -0.091    0.091   28.138)   28.138
  10.244   (  -1.075    1.075   -7.539)    7.691
======================= Grid point 47 (37/165) =======================
q-point: (-0.24  0.12  0.00)
Boundary mean free path (millimetre): 1000.000
Number of triplets: 1305
Frequency     group velocity (x, y, z)     |gv|  (dq=1.0e-05)
   4.389   (  30.587  -30.587   -7.387)   43.883
   4.763   (  35.300  -35.300   -7.322)   50.455
   6.965   (  37.173  -37.173  -15.095)   54.695
   8.059   ( -15.628   15.628   -1.880)   22.181
   9.301   (   2.633   -2.633   25.849)   26.116
  10.188   (  -3.474    3.474  -11.646)   12.640
======================= Grid point 48 (38/165) =======================
q-point: (-0.18  0.12  0.00)
Boundary mean free path (millimetre): 1000.000
Number of triplets: 1305
Frequency     group velocity (x, y, z)     |gv|  (dq=1.0e-05)
   3.655   (  33.195  -33.195   -5.403)   47.255
   3.941   (  37.083  -37.083   -5.258)   52.706
   5.971   (  44.867  -44.867  -10.580)   64.328
   8.358   ( -14.487   14.487   -1.123)   20.519
   9.449   (   5.485   -5.485   17.444)   19.091
  10.172   (  -6.717    6.717  -10.154)   13.904
======================= Grid point 49 (39/165) =======================
q-point: (-0.12  0.12  0.00)
Boundary mean free path (millimetre): 1000.000
Number of triplets: 729
Frequency     group velocity (x, y, z)     |gv|  (dq=1.0e-05)
   2.914   (  34.614  -34.614    0.000)   48.951
   3.129   (  37.785  -37.785    0.000)   53.436
   4.907   (  51.291  -51.291    0.000)   72.537
   8.634   ( -12.514   12.514   -0.000)   17.697
   9.421   (   5.604   -5.604    0.000)    7.926
  10.271   (  -7.516    7.516   -0.000)   10.630
======================= Grid point 54 (40/165) =======================
q-point: ( 0.18  0.18  0.00)
Boundary mean free path (millimetre): 1000.000
Number of triplets: 405
Frequency     group velocity (x, y, z)     |gv|  (dq=1.0e-05)
   2.868   (   0.000    0.000   39.202)   39.202
   2.868   (   0.000    0.000   39.202)   39.202
   5.510   (   0.000    0.000   82.523)   82.523
   9.450   (   0.000    0.000    8.229)    8.229
   9.450   (   0.000    0.000    8.229)    8.229
   9.594   (  -0.000   -0.000  -26.423)   26.423
======================= Grid point 55 (41/165) =======================
q-point: ( 0.24  0.18  0.00)
Boundary mean free path (millimetre): 1000.000
Number of triplets: 1305
Frequency     group velocity (x, y, z)     |gv|  (dq=1.0e-05)
   3.338   (  -7.452    7.452   34.879)   36.436
   3.427   ( -15.325   15.325   35.604)   41.681
   6.403   (  -5.119    5.119   76.790)   77.130
   9.050   (  16.671  -16.671  -12.107)   26.503
   9.501   (   3.846   -3.846    9.115)   10.615
   9.784   ( -13.860   13.860   -4.201)   20.046
======================= Grid point 56 (42/165) =======================
q-point: ( 0.29  0.18  0.00)
Boundary mean free path (millimetre): 1000.000
Number of triplets: 1305
Frequency     group velocity (x, y, z)     |gv|  (dq=1.0e-05)
   3.879   ( -12.107   12.107   29.132)   33.791
   4.200   ( -23.969   23.969   32.467)   46.938
   7.286   (  -6.862    6.862   67.653)   68.346
   8.601   (  14.475  -14.475  -11.539)   23.499
   9.476   (   7.858   -7.858    9.318)   14.503
   9.994   (  -9.406    9.406   -1.750)   13.417
======================= Grid point 57 (43/165) =======================
q-point: ( 0.35  0.18  0.00)
Boundary mean free path (millimetre): 1000.000
Number of triplets: 1305
Frequency     group velocity (x, y, z)     |gv|  (dq=1.0e-05)
   4.433   ( -14.816   14.816   22.982)   31.100
   5.064   ( -26.767   26.767   30.499)   48.612
   8.068   (  -5.894    5.894   51.711)   52.378
   8.213   (  12.525  -12.525   -4.741)   18.337
   9.364   (  11.985  -11.985    8.652)   19.030
  10.142   (  -5.882    5.882   -0.273)    8.324
======================= Grid point 58 (44/165) =======================
q-point: ( 0.41  0.18  0.00)
Boundary mean free path (millimetre): 1000.000
Number of triplets: 1305
Frequency     group velocity (x, y, z)     |gv|  (dq=1.0e-05)
   4.965   ( -16.227   16.227   16.911)   28.506
   5.920   ( -25.079   25.079   29.027)   45.831
   7.859   (  11.318  -11.318   -7.967)   17.879
   8.711   (  -3.327    3.327   45.091)   45.336
   9.154   (  16.120  -16.120    7.088)   23.873
  10.237   (  -3.157    3.157    0.633)    4.509
======================= Grid point 59 (45/165) =======================
q-point: ( 0.47  0.18  0.00)
Boundary mean free path (millimetre): 1000.000
Number of triplets: 1305
Frequency     group velocity (x, y, z)     |gv|  (dq=1.0e-05)
   5.456   ( -16.698   16.698   11.284)   26.172
   6.661   ( -16.302   16.302   25.310)   34.236
   7.590   (   6.629   -6.629   -3.462)    9.994
   8.840   (  20.035  -20.035    4.794)   28.736
   9.140   (   0.948   -0.948   31.762)   31.791
  10.291   (  -1.119    1.119    1.526)    2.198
======================= Grid point 60 (46/165) =======================
q-point: ( 0.53  0.18  0.00)
Boundary mean free path (millimetre): 1000.000
Number of triplets: 1305
Frequency     group velocity (x, y, z)     |gv|  (dq=1.0e-05)
   5.891   ( -16.164   16.164    6.439)   23.749
   6.891   (  10.915  -10.915    6.565)   16.774
   7.724   ( -14.081   14.081   15.062)   24.969
   8.424   (  23.195  -23.195    2.140)   32.872
   9.320   (   6.667   -6.667   17.936)   20.264
  10.321   (   0.348   -0.348    2.776)    2.820
======================= Grid point 61 (47/165) =======================
q-point: (-0.41  0.18  0.00)
Boundary mean free path (millimetre): 1000.000
Number of triplets: 1305
Frequency     group velocity (x, y, z)     |gv|  (dq=1.0e-05)
   6.250   ( -13.118   13.118    2.570)   18.729
   6.584   (  19.415  -19.415    0.860)   27.471
   7.937   (  23.731  -23.731   -0.287)   33.562
   8.229   ( -14.173   14.173   18.226)   27.091
   9.247   (  12.385  -12.385    7.683)   19.126
  10.329   (   1.717   -1.717    2.342)    3.374
======================= Grid point 62 (48/165) =======================
q-point: (-0.35  0.18  0.00)
Boundary mean free path (millimetre): 1000.000
Number of triplets: 1305
Frequency     group velocity (x, y, z)     |gv|  (dq=1.0e-05)
   6.138   (  23.626  -23.626   -0.082)   33.412
   6.419   (   1.125   -1.125   -0.686)    1.732
   7.511   (  12.730  -12.730   -1.427)   18.059
   8.562   (   0.314   -0.314    4.827)    4.847
   9.070   (   8.211   -8.211   13.119)   17.520
  10.288   (   2.927   -2.927   -1.214)    4.314
======================= Grid point 63 (49/165) =======================
q-point: (-0.29  0.18  0.00)
Boundary mean free path (millimetre): 1000.000
Number of triplets: 1305
Frequency     group velocity (x, y, z)     |gv|  (dq=1.0e-05)
   5.603   (  27.357  -27.357   -0.738)   38.696
   6.101   (  25.242  -25.242   -3.028)   35.825
   7.476   (  -8.575    8.575   -1.086)   12.175
   8.235   (  22.961  -22.961   -7.722)   33.378
   9.274   (  -4.018    4.018   21.914)   22.639
  10.180   (   3.324   -3.324   -7.007)    8.437
======================= Grid point 64 (50/165) =======================
q-point: (-0.24  0.18  0.00)
Boundary mean free path (millimetre): 1000.000
Number of triplets: 1305
Frequency     group velocity (x, y, z)     |gv|  (dq=1.0e-05)
   4.989   (  30.519  -30.519   -1.149)   43.176
   5.437   (  33.784  -33.784   -2.700)   47.854
   7.578   (  32.062  -32.062   -6.316)   45.781
   7.726   ( -14.715   14.715   -0.754)   20.824
   9.580   (  -2.381    2.381   22.433)   22.684
  10.010   (   1.721   -1.721  -14.762)   14.962
======================= Grid point 65 (51/165) =======================
q-point: (-0.18  0.18  0.00)
Boundary mean free path (millimetre): 1000.000
Number of triplets: 729
Frequency     group velocity (x, y, z)     |gv|  (dq=1.0e-05)
   4.321   (  32.680  -32.680    0.000)   46.216
   4.685   (  36.527  -36.527    0.000)   51.657
   6.798   (  39.207  -39.207    0.000)   55.447
   8.039   ( -15.438   15.438   -0.000)   21.833
   9.707   (   7.964   -7.964    0.000)   11.263
   9.935   (  -8.590    8.590   -0.000)   12.148
======================= Grid point 72 (52/165) =======================
q-point: ( 0.24  0.24  0.00)
Boundary mean free path (millimetre): 1000.000
Number of triplets: 405
Frequency     group velocity (x, y, z)     |gv|  (dq=1.0e-05)
   3.619   (   0.000    0.000   32.897)   32.897
   3.619   (   0.000    0.000   32.897)   32.897
   7.147   (   0.000    0.000   73.999)   73.999
   9.069   (  -0.000   -0.000  -22.702)   22.702
   9.641   (   0.000    0.000    9.949)    9.949
   9.641   (   0.000    0.000    9.949)    9.949
======================= Grid point 73 (53/165) =======================
q-point: ( 0.29  0.24  0.00)
Boundary mean free path (millimetre): 1000.000
Number of triplets: 1305
Frequency     group velocity (x, y, z)     |gv|  (dq=1.0e-05)
   4.001   (  -5.466    5.466   28.741)   29.762
   4.104   ( -14.834   14.834   29.372)   36.095
   7.900   (  -1.960    1.960   64.679)   64.738
   8.742   (  10.221  -10.221  -12.791)   19.302
   9.704   (   4.160   -4.160   10.090)   11.679
   9.834   (  -7.186    7.186    6.653)   12.146
======================= Grid point 74 (54/165) =======================
q-point: ( 0.35  0.24  0.00)
Boundary mean free path (millimetre): 1000.000
Number of triplets: 1305
Frequency     group velocity (x, y, z)     |gv|  (dq=1.0e-05)
   4.428   (  -9.130    9.130   23.473)   26.790
   4.811   ( -24.419   24.419   26.124)   43.302
   8.307   (   7.590   -7.590   -3.415)   11.264
   8.668   (   2.658   -2.658   51.913)   52.049
   9.674   (   8.572   -8.572    9.390)   15.334
  10.035   (  -6.153    6.153    4.863)    9.968
======================= Grid point 75 (55/165) =======================
q-point: ( 0.41  0.24  0.00)
Boundary mean free path (millimetre): 1000.000
Number of triplets: 1305
Frequency     group velocity (x, y, z)     |gv|  (dq=1.0e-05)
   4.859   ( -11.467   11.467   17.826)   24.099
   5.627   ( -28.296   28.296   23.597)   46.456
   8.027   (  10.997  -10.997   -5.880)   16.626
   9.182   (   1.509   -1.509   46.854)   46.903
   9.538   (  13.128  -13.128    7.860)   20.161
  10.189   (  -3.888    3.888    4.883)    7.354
======================= Grid point 76 (56/165) =======================
q-point: ( 0.47  0.24  0.00)
Boundary mean free path (millimetre): 1000.000
Number of triplets: 1305
Frequency     group velocity (x, y, z)     |gv|  (dq=1.0e-05)
   5.271   ( -12.915   12.915   12.354)   22.050
   6.446   ( -26.902   26.902   21.559)   43.729
   7.751   (  11.012  -11.012   -2.572)   15.784
   9.289   (  17.643  -17.643    5.693)   25.592
   9.535   (   4.221   -4.221   31.625)   32.184
  10.306   (  -1.444    1.444    7.147)    7.433
======================= Grid point 77 (57/165) =======================
q-point: ( 0.53  0.24  0.00)
Boundary mean free path (millimetre): 1000.000
Number of triplets: 1305
Frequency     group velocity (x, y, z)     |gv|  (dq=1.0e-05)
   5.651   ( -13.724   13.724    7.532)   20.819
   7.091   (  -8.363    8.363   16.432)   20.246
   7.589   (  -2.670    2.670    2.494)    4.526
   8.924   (  21.805  -21.805    3.257)   31.008
   9.657   (   7.671   -7.671   15.884)   19.235
  10.399   (   1.212   -1.212    9.783)    9.932
======================= Grid point 78 (58/165) =======================
q-point: (-0.41  0.24  0.00)
Boundary mean free path (millimetre): 1000.000
Number of triplets: 1305
Frequency     group velocity (x, y, z)     |gv|  (dq=1.0e-05)
   5.997   ( -13.711   13.711    3.732)   19.746
   7.005   (  17.247  -17.247    5.140)   24.927
   8.019   ( -20.681   20.681   11.625)   31.473
   8.456   (  24.988  -24.988    1.033)   35.354
   9.567   (  11.093  -11.093    5.746)   16.707
  10.443   (   3.926   -3.926    8.225)    9.924
======================= Grid point 79 (59/165) =======================
q-point: (-0.35  0.24  0.00)
Boundary mean free path (millimetre): 1000.000
Number of triplets: 1305
Frequency     group velocity (x, y, z)     |gv|  (dq=1.0e-05)
   6.287   ( -11.103   11.103    1.130)   15.742
   6.635   (  21.907  -21.907    3.090)   31.134
   7.928   (  25.138  -25.138   -0.430)   35.553
   8.497   ( -13.117   13.117    7.675)   20.075
   9.358   (  11.375  -11.375    3.158)   16.394
  10.399   (   6.225   -6.225    3.592)    9.508
======================= Grid point 80 (60/165) =======================
q-point: (-0.29  0.24  0.00)
Boundary mean free path (millimetre): 1000.000
Number of triplets: 1305
Frequency     group velocity (x, y, z)     |gv|  (dq=1.0e-05)
   6.163   (  25.552  -25.552    1.310)   36.160
   6.407   (   3.366   -3.366   -0.357)    4.773
   7.489   (  12.874  -12.874   -0.586)   18.217
   8.565   (  11.365  -11.365   -1.298)   16.124
   9.322   (  -4.297    4.297    7.578)    9.714
  10.262   (   7.988   -7.988   -0.966)   11.338
======================= Grid point 81 (61/165) =======================
q-point: (-0.24  0.24  0.00)
Boundary mean free path (millimetre): 1000.000
Number of triplets: 729
Frequency     group velocity (x, y, z)     |gv|  (dq=1.0e-05)
   5.604   (  28.601  -28.601    0.000)   40.448
   6.068   (  26.384  -26.384    0.000)   37.313
   7.464   (  -8.480    8.480   -0.000)   11.992
   8.147   (  25.090  -25.090    0.000)   35.482
   9.547   (  -9.967    9.967   -0.000)   14.096
  10.067   (   9.099   -9.099    0.000)   12.868
======================= Grid point 90 (62/165) =======================
q-point: ( 0.29  0.29  0.00)
Boundary mean free path (millimetre): 1000.000
Number of triplets: 405
Frequency     group velocity (x, y, z)     |gv|  (dq=1.0e-05)
   4.234   (   0.000    0.000   26.193)   26.193
   4.234   (   0.000    0.000   26.193)   26.193
   8.418   (   0.000    0.000   23.769)   23.769
   8.830   (   0.000    0.000   23.900)   23.900
   9.854   (   0.000    0.000   10.166)   10.166
   9.854   (   0.000    0.000   10.166)   10.166
======================= Grid point 91 (63/165) =======================
q-point: ( 0.35  0.29  0.00)
Boundary mean free path (millimetre): 1000.000
Number of triplets: 1305
Frequency     group velocity (x, y, z)     |gv|  (dq=1.0e-05)
   4.531   (  -4.059    4.059   22.134)   22.866
   4.646   ( -14.669   14.669   22.678)   30.735
   8.375   (   4.689   -4.689   -8.068)   10.443
   9.277   (   2.465   -2.465   52.900)   53.014
   9.910   (   4.545   -4.545    9.433)   11.414
  10.002   (  -3.891    3.891    8.932)   10.491
======================= Grid point 92 (64/165) =======================
q-point: ( 0.41  0.29  0.00)
Boundary mean free path (millimetre): 1000.000
Number of triplets: 1305
Frequency     group velocity (x, y, z)     |gv|  (dq=1.0e-05)
   4.852   (  -6.925    6.925   17.250)   19.836
   5.285   ( -24.808   24.808   19.353)   40.068
   8.170   (   7.820   -7.820   -4.966)   12.122
   9.705   (   4.145   -4.145   40.122)   40.548
   9.856   (   9.352   -9.352    7.928)   15.420
  10.189   (  -3.973    3.973   11.657)   12.941
======================= Grid point 93 (65/165) =======================
q-point: ( 0.47  0.29  0.00)
Boundary mean free path (millimetre): 1000.000
Number of triplets: 1305
Frequency     group velocity (x, y, z)     |gv|  (dq=1.0e-05)
   5.172   (  -8.978    8.978   12.185)   17.598
   6.044   ( -29.426   29.426   16.460)   44.751
   7.955   (   9.750   -9.750   -1.316)   13.852
   9.683   (  14.237  -14.237    5.867)   20.972
   9.917   (   5.156   -5.156   20.011)   21.298
  10.406   (  -0.982    0.982   18.624)   18.676
======================= Grid point 94 (66/165) =======================
q-point: ( 0.53  0.29  0.00)
Boundary mean free path (millimetre): 1000.000
Number of triplets: 1305
Frequency     group velocity (x, y, z)     |gv|  (dq=1.0e-05)
   5.478   ( -10.561   10.561    7.528)   16.726
   6.818   ( -28.747   28.747   14.089)   43.027
   7.734   (  10.919  -10.919    0.372)   15.446
   9.386   (  18.938  -18.938    3.609)   27.025
   9.934   (   6.703   -6.703    8.028)   12.422
  10.582   (   2.579   -2.579   17.316)   17.697
======================= Grid point 95 (67/165) =======================
q-point: ( 0.59  0.29  0.00)
Boundary mean free path (millimetre): 1000.000
Number of triplets: 1305
Frequency     group velocity (x, y, z)     |gv|  (dq=1.0e-05)
   5.769   ( -11.816   11.816    3.767)   17.130
   7.360   (   5.133   -5.133    9.396)   11.873
   7.649   ( -17.392   17.392    2.298)   24.704
   8.974   (  23.086  -23.086    1.598)   32.688
   9.820   (   9.230   -9.230    2.366)   13.267
  10.648   (   5.403   -5.403   11.107)   13.481
======================= Grid point 96 (68/165) =======================
q-point: (-0.35  0.29  0.00)
Boundary mean free path (millimetre): 1000.000
Number of triplets: 1305
Frequency     group velocity (x, y, z)     |gv|  (dq=1.0e-05)
   6.048   ( -12.412   12.412    1.220)   17.595
   7.092   (  18.871  -18.871    2.573)   26.811
   8.183   ( -22.381   22.381    3.995)   31.903
   8.470   (  26.017  -26.017    0.283)   36.794
   9.613   (  11.432  -11.432    0.253)   16.170
  10.592   (   7.492   -7.492    4.468)   11.499
======================= Grid point 97 (69/165) =======================
q-point: (-0.29  0.29  0.00)
Boundary mean free path (millimetre): 1000.000
Number of triplets: 729
Frequency     group velocity (x, y, z)     |gv|  (dq=1.0e-05)
   6.299   ( -10.392   10.392   -0.000)   14.697
   6.674   (  22.523  -22.523    0.000)   31.852
   7.923   (  25.643  -25.643    0.000)   36.265
   8.571   ( -10.957   10.957   -0.000)   15.495
   9.389   (   8.473   -8.473    0.000)   11.983
  10.442   (   8.687   -8.687    0.000)   12.285
======================= Grid point 108 (70/165) =======================
q-point: ( 0.35  0.35  0.00)
Boundary mean free path (millimetre): 1000.000
Number of triplets: 405
Frequency     group velocity (x, y, z)     |gv|  (dq=1.0e-05)
   4.707   (   0.000    0.000   19.197)   19.197
   4.707   (   0.000    0.000   19.197)   19.197
   8.341   (  -0.000   -0.000   -7.068)    7.068
   9.839   (   0.000    0.000   48.176)   48.176
  10.053   (   0.000    0.000    8.688)    8.688
  10.053   (   0.000    0.000    8.688)    8.688
======================= Grid point 109 (71/165) =======================
q-point: ( 0.41  0.35  0.00)
Boundary mean free path (millimetre): 1000.000
Number of triplets: 1305
Frequency     group velocity (x, y, z)     |gv|  (dq=1.0e-05)
   4.920   (  -3.063    3.063   15.148)   15.755
   5.045   ( -14.679   14.679   15.571)   25.950
   8.243   (   3.678   -3.678   -3.942)    6.526
  10.085   (   4.921   -4.921    7.217)   10.026
  10.097   (   3.262   -3.262   13.668)   14.425
  10.328   (  -2.224    2.224   32.752)   32.903
======================= Grid point 110 (72/165) =======================
q-point: ( 0.47  0.35  0.00)
Boundary mean free path (millimetre): 1000.000
Number of triplets: 1305
Frequency     group velocity (x, y, z)     |gv|  (dq=1.0e-05)
   5.143   (  -5.416    5.416   10.602)   13.080
   5.612   ( -25.194   25.194   12.028)   37.606
   8.112   (   6.385   -6.385   -1.002)    9.086
   9.995   (  10.022  -10.022    5.239)   15.110
  10.138   (   3.219   -3.219    7.279)    8.585
  10.653   (   0.905   -0.905   26.295)   26.326
======================= Grid point 111 (73/165) =======================
q-point: ( 0.53  0.35  0.00)
Boundary mean free path (millimetre): 1000.000
Number of triplets: 1305
Frequency     group velocity (x, y, z)     |gv|  (dq=1.0e-05)
   5.364   (  -7.418    7.418    6.204)   12.188
   6.306   ( -30.333   30.333    8.590)   43.748
   7.953   (   8.893   -8.893    0.611)   12.592
   9.777   (  15.045  -15.045    3.104)   21.503
  10.111   (   4.903   -4.903    3.512)    7.772
  10.833   (   3.412   -3.412   16.912)   17.587
======================= Grid point 112 (74/165) =======================
q-point: ( 0.59  0.35  0.00)
Boundary mean free path (millimetre): 1000.000
Number of triplets: 1305
Frequency     group velocity (x, y, z)     |gv|  (dq=1.0e-05)
   5.583   (  -9.330    9.330    2.533)   13.435
   7.021   ( -30.804   30.804    5.097)   43.861
   7.746   (  11.711  -11.711    0.459)   16.568
   9.437   (  19.685  -19.685    1.226)   27.866
  10.007   (   7.236   -7.236    1.006)   10.283
  10.866   (   5.527   -5.527    7.698)   10.970
======================= Grid point 113 (75/165) =======================
q-point: (-0.35  0.35  0.00)
Boundary mean free path (millimetre): 1000.000
Number of triplets: 729
Frequency     group velocity (x, y, z)     |gv|  (dq=1.0e-05)
   5.808   ( -11.157   11.157   -0.000)   15.778
   7.464   (  15.430  -15.430    0.000)   21.822
   7.671   ( -28.234   28.234   -0.000)   39.929
   8.991   (  23.555  -23.555    0.000)   33.312
   9.835   (   9.642   -9.642    0.000)   13.636
  10.773   (   7.018   -7.018    0.000)    9.925
======================= Grid point 126 (76/165) =======================
q-point: ( 0.41  0.41  0.00)
Boundary mean free path (millimetre): 1000.000
Number of triplets: 405
Frequency     group velocity (x, y, z)     |gv|  (dq=1.0e-05)
   5.030   (   0.000    0.000   11.800)   11.800
   5.030   (   0.000    0.000   11.800)   11.800
   8.246   (  -0.000   -0.000   -2.347)    2.347
  10.205   (   0.000    0.000    5.795)    5.795
  10.205   (   0.000    0.000    5.795)    5.795
  10.669   (   0.000    0.000   30.914)   30.914
======================= Grid point 127 (77/165) =======================
q-point: ( 0.47  0.41  0.00)
Boundary mean free path (millimetre): 1000.000
Number of triplets: 1305
Frequency     group velocity (x, y, z)     |gv|  (dq=1.0e-05)
   5.158   (  -2.453    2.453    7.731)    8.474
   5.291   ( -14.755   14.755    7.968)   22.336
   8.199   (   2.945   -2.945   -0.754)    4.232
  10.202   (   5.197   -5.197    3.885)    8.313
  10.241   (   1.492   -1.492    3.941)    4.470
  10.928   (   1.147   -1.147   20.501)   20.565
======================= Grid point 128 (78/165) =======================
q-point: ( 0.53  0.41  0.00)
Boundary mean free path (millimetre): 1000.000
Number of triplets: 1305
Frequency     group velocity (x, y, z)     |gv|  (dq=1.0e-05)
   5.291   (  -4.640    4.640    3.586)    7.478
   5.781   ( -25.460   25.460    4.098)   36.239
   8.108   (   5.633   -5.633    0.131)    7.968
  10.069   (  10.409  -10.409    1.823)   14.833
  10.222   (   3.240   -3.240    1.752)    4.905
  11.044   (   2.914   -2.914    9.833)   10.662
======================= Grid point 129 (79/165) =======================
q-point: (-0.41 -0.59  0.00)
Boundary mean free path (millimetre): 1000.000
Number of triplets: 729
Frequency     group velocity (x, y, z)     |gv|  (dq=1.0e-05)
   5.429   (  -6.884    6.884   -0.000)    9.736
   6.396   ( -30.712   30.712   -0.000)   43.433
   7.962   (   8.600   -8.600    0.000)   12.162
   9.810   (  15.342  -15.342    0.000)   21.696
  10.142   (   5.218   -5.218    0.000)    7.380
  11.015   (   4.540   -4.540    0.000)    6.420
======================= Grid point 145 (80/165) =======================
q-point: ( 0.47  0.47  0.00)
Boundary mean free path (millimetre): 1000.000
Number of triplets: 405
Frequency     group velocity (x, y, z)     |gv|  (dq=1.0e-05)
   5.195   (   0.000    0.000    3.993)    3.993
   5.195   (   0.000    0.000    3.993)    3.993
   8.223   (  -0.000   -0.000   -0.320)    0.320
  10.288   (   0.000    0.000    2.028)    2.028
  10.288   (   0.000    0.000    2.028)    2.028
  11.105   (   0.000    0.000   10.614)   10.614
======================= Grid point 146 (81/165) =======================
q-point: (-0.47 -0.53  0.00)
Boundary mean free path (millimetre): 1000.000
Number of triplets: 729
Frequency     group velocity (x, y, z)     |gv|  (dq=1.0e-05)
   5.239   (  -2.247    2.247   -0.000)    3.177
   5.374   ( -14.794   14.794   -0.000)   20.922
   8.194   (   2.702   -2.702    0.000)    3.821
  10.243   (   5.298   -5.298    0.000)    7.493
  10.282   (   1.602   -1.602    0.000)    2.265
  11.144   (   1.572   -1.572    0.000)    2.224
======================= Grid point 330 (82/165) =======================
q-point: ( 0.18  0.12  0.06)
Boundary mean free path (millimetre): 1000.000
Number of triplets: 1305
Frequency     group velocity (x, y, z)     |gv|  (dq=1.0e-05)
   2.273   (   0.000   24.752   40.520)   47.482
   2.372   (   0.000   31.905   39.430)   50.722
   4.049   (   0.000   29.375   76.658)   82.094
   8.979   (  -0.000  -20.541   -0.976)   20.564
   9.334   (   0.000    2.790    5.621)    6.276
  10.289   (  -0.000    6.780  -16.660)   17.986
======================= Grid point 331 (83/165) =======================
q-point: ( 0.24  0.12  0.06)
Boundary mean free path (millimetre): 1000.000
Number of triplets: 2457
Frequency     group velocity (x, y, z)     |gv|  (dq=1.0e-05)
   2.993   (  -6.959   28.727   35.560)   46.241
   3.182   ( -10.877   33.880   37.617)   51.780
   5.181   ( -11.606   30.188   67.386)   74.745
   8.723   (   0.365  -20.761   -6.011)   21.617
   9.354   (  14.079    3.410    6.284)   15.790
  10.230   (  -8.337    2.699  -12.958)   15.643
======================= Grid point 332 (84/165) =======================
q-point: ( 0.29  0.12  0.06)
Boundary mean free path (millimetre): 1000.000
Number of triplets: 2457
Frequency     group velocity (x, y, z)     |gv|  (dq=1.0e-05)
   3.734   ( -10.345   30.443   29.666)   43.747
   4.054   ( -14.638   31.973   37.577)   51.465
   6.283   ( -16.752   27.859   56.688)   65.348
   8.425   (   0.085  -19.205  -10.483)   21.880
   9.253   (  21.543    1.319    5.795)   22.348
  10.235   (  -9.878    0.297   -7.976)   12.700
======================= Grid point 333 (85/165) =======================
q-point: ( 0.35  0.12  0.06)
Boundary mean free path (millimetre): 1000.000
Number of triplets: 2457
Frequency     group velocity (x, y, z)     |gv|  (dq=1.0e-05)
   4.448   ( -12.206   30.523   23.791)   40.579
   4.915   ( -14.586   28.346   37.573)   49.275
   7.265   ( -17.291   23.483   45.591)   54.120
   8.109   (  -0.190  -17.703  -13.203)   22.085
   9.062   (  24.776   -2.337    4.890)   25.361
  10.265   (  -7.365   -0.093   -4.120)    8.440
======================= Grid point 334 (86/165) =======================
q-point: ( 0.41  0.12  0.06)
Boundary mean free path (millimetre): 1000.000
Number of triplets: 2457
Frequency     group velocity (x, y, z)     |gv|  (dq=1.0e-05)
   5.110   ( -13.069   29.383   18.024)   36.865
   5.711   ( -12.213   22.795   36.146)   44.444
   7.791   (  -0.341  -15.823  -13.552)   20.836
   8.063   ( -14.089   17.152   34.135)   40.717
   8.794   (  26.959   -5.741    3.786)   27.822
  10.295   (  -4.211    0.049   -1.918)    4.627
======================= Grid point 335 (87/165) =======================
q-point: ( 0.47  0.12  0.06)
Boundary mean free path (millimetre): 1000.000
Number of triplets: 2457
Frequency     group velocity (x, y, z)     |gv|  (dq=1.0e-05)
   5.700   ( -12.955   27.123   12.402)   32.516
   6.347   (  -7.143   11.134   28.275)   31.216
   7.535   (  -0.663   -9.191   -7.218)   11.706
   8.409   (  21.689  -10.074    1.984)   23.996
   8.669   (  -1.160   11.142   22.777)   25.383
  10.311   (  -1.781    0.043   -1.034)    2.060
======================= Grid point 336 (88/165) =======================
q-point: ( 0.53  0.12  0.06)
Boundary mean free path (millimetre): 1000.000
Number of triplets: 2457
Frequency     group velocity (x, y, z)     |gv|  (dq=1.0e-05)
   6.185   ( -10.678   21.766    6.079)   24.995
   6.539   (   2.104  -11.483    3.578)   12.210
   7.600   (  -3.461    9.280   16.740)   19.451
   8.007   (  26.501  -13.366   -2.144)   29.758
   8.954   (   2.642    4.146   13.167)   14.055
  10.314   (  -0.674   -0.021   -0.708)    0.978
======================= Grid point 348 (89/165) =======================
q-point: ( 0.24  0.18  0.06)
Boundary mean free path (millimetre): 1000.000
Number of triplets: 1305
Frequency     group velocity (x, y, z)     |gv|  (dq=1.0e-05)
   3.093   (   0.000   20.459   37.592)   42.799
   3.167   (   0.000   26.937   36.389)   45.274
   5.663   (   0.000   14.464   77.080)   78.425
   8.940   (  -0.000  -27.463   -4.453)   27.822
   9.479   (   0.000    2.770    8.210)    8.665
   9.943   (  -0.000   12.682  -14.012)   18.899
======================= Grid point 349 (90/165) =======================
q-point: ( 0.29  0.18  0.06)
Boundary mean free path (millimetre): 1000.000
Number of triplets: 2457
Frequency     group velocity (x, y, z)     |gv|  (dq=1.0e-05)
   3.702   (  -1.186   25.792   32.063)   41.166
   3.931   ( -14.910   31.517   33.863)   48.604
   6.611   (  -5.951   14.566   68.600)   70.381
   8.578   (   2.789  -24.586   -8.507)   26.166
   9.502   (  15.832    2.343    7.635)   17.732
  10.001   ( -12.094    5.598   -7.365)   15.227
======================= Grid point 350 (91/165) =======================
q-point: ( 0.35  0.18  0.06)
Boundary mean free path (millimetre): 1000.000
Number of triplets: 2457
Frequency     group velocity (x, y, z)     |gv|  (dq=1.0e-05)
   4.314   (  -4.144   28.109   25.800)   38.378
   4.792   ( -19.340   31.660   32.745)   49.483
   7.490   (  -8.317   12.508   58.073)   59.984
   8.210   (   3.236  -21.188  -10.019)   23.660
   9.383   (  20.537   -2.145    6.453)   21.634
  10.117   ( -10.806    2.699   -2.693)   11.459
======================= Grid point 351 (92/165) =======================
q-point: ( 0.41  0.18  0.06)
Boundary mean free path (millimetre): 1000.000
Number of triplets: 2457
Frequency     group velocity (x, y, z)     |gv|  (dq=1.0e-05)
   4.900   (  -6.162   28.645   19.594)   35.248
   5.646   ( -18.987   28.172   31.902)   46.604
   7.866   (   3.056  -18.708   -9.411)   21.164
   8.232   (  -7.684    8.795   45.866)   47.330
   9.172   (  22.812   -6.925    5.643)   24.499
  10.215   (  -6.488    1.755   -0.495)    6.739
======================= Grid point 352 (93/165) =======================
q-point: ( 0.47  0.18  0.06)
Boundary mean free path (millimetre): 1000.000
Number of triplets: 2457
Frequency     group velocity (x, y, z)     |gv|  (dq=1.0e-05)
   5.439   (  -7.362   27.872   13.698)   31.916
   6.396   ( -14.189   18.573   28.748)   37.050
   7.581   (   1.673  -12.932   -6.074)   14.385
   8.713   (   2.123   -6.522   19.879)   21.030
   8.941   (  18.778   -0.984   17.695)   25.820
  10.277   (  -2.714    1.112    0.321)    2.950
======================= Grid point 353 (94/165) =======================
q-point: ( 0.53  0.18  0.06)
Boundary mean free path (millimetre): 1000.000
Number of triplets: 2457
Frequency     group velocity (x, y, z)     |gv|  (dq=1.0e-05)
   5.912   (  -7.763   25.419    8.303)   27.845
   6.751   (   1.114  -10.028   10.229)   14.367
   7.596   (  -7.677   10.372   12.505)   17.970
   8.424   (  22.558  -18.819   -0.287)   29.378
   9.157   (   6.750    1.882   22.784)   23.838
  10.305   (  -0.390    0.384    0.748)    0.927
======================= Grid point 354 (95/165) =======================
q-point: (-0.41  0.18  0.06)
Boundary mean free path (millimetre): 1000.000
Number of triplets: 2457
Frequency     group velocity (x, y, z)     |gv|  (dq=1.0e-05)
   6.265   (  -5.236   11.097    2.555)   12.534
   6.553   (   9.840  -13.005    0.576)   16.318
   7.944   (  20.738  -19.549   -2.153)   28.581
   8.060   (  -7.098   15.231   20.939)   26.848
   9.215   (  14.788   -3.753   11.518)   19.116
  10.313   (   0.508   -0.416    0.901)    1.115
======================= Grid point 355 (96/165) =======================
q-point: (-0.35  0.18  0.06)
Boundary mean free path (millimetre): 1000.000
Number of triplets: 2457
Frequency     group velocity (x, y, z)     |gv|  (dq=1.0e-05)
   6.048   (  12.143  -28.423   -2.086)   30.979
   6.538   (  10.429    6.925   -1.794)   12.647
   7.525   (  11.124  -11.384   -3.640)   16.327
   8.500   (  -3.172   11.931   17.121)   21.108
   9.038   (  21.777   -7.828    7.405)   24.297
  10.298   (   1.023   -1.195   -0.864)    1.795
======================= Grid point 356 (97/165) =======================
q-point: (-0.29  0.18  0.06)
Boundary mean free path (millimetre): 1000.000
Number of triplets: 2457
Frequency     group velocity (x, y, z)     |gv|  (dq=1.0e-05)
   5.548   (  18.813  -31.563   -1.961)   36.797
   6.184   (  28.135  -21.442   -8.176)   36.307
   7.513   (  -7.338   12.182   -1.245)   14.276
   8.429   (  28.848   -9.584   -6.905)   31.172
   9.058   (   2.768    3.975   24.940)   25.406
  10.243   (   1.147   -1.474   -5.050)    5.384
======================= Grid point 357 (98/165) =======================
q-point: (-0.24  0.18  0.06)
Boundary mean free path (millimetre): 1000.000
Number of triplets: 2457
Frequency     group velocity (x, y, z)     |gv|  (dq=1.0e-05)
   4.967   (  24.818  -32.666   -1.534)   41.053
   5.475   (  32.028  -32.959   -9.796)   46.989
   7.756   (   4.435    7.501   -4.044)    9.607
   7.829   (  27.213   -6.366   -6.099)   28.606
   9.345   (   1.370    2.310   24.948)   25.093
  10.142   (  -0.190   -0.707  -10.873)   10.898
======================= Grid point 358 (99/165) =======================
q-point: (-0.18  0.18  0.06)
Boundary mean free path (millimetre): 1000.000
Number of triplets: 2457
Frequency     group velocity (x, y, z)     |gv|  (dq=1.0e-05)
   4.326   (  30.564  -32.320   -1.058)   44.496
   4.672   (  32.567  -38.037   -7.478)   50.629
   7.003   (  52.965  -23.145   -6.888)   58.211
   8.099   ( -10.810   20.828   -0.376)   23.469
   9.564   (   4.796   -2.925   21.685)   22.401
  10.028   (  -5.197    1.680  -14.731)   15.711
======================= Grid point 359 (100/165) =======================
q-point: (-0.12  0.18  0.06)
Boundary mean free path (millimetre): 1000.000
Number of triplets: 1305
Frequency     group velocity (x, y, z)     |gv|  (dq=1.0e-05)
   3.647   (  34.761  -31.007    0.000)   46.581
   3.880   (  33.818  -38.894    0.000)   51.540
   6.101   (  61.595  -27.459   -0.000)   67.438
   8.423   (  -8.841   21.645   -0.000)   23.381
   9.565   (   8.135   -5.529    0.000)    9.836
  10.053   ( -11.494    1.410    0.000)   11.581
======================= Grid point 366 (101/165) =======================
q-point: ( 0.29  0.24  0.06)
Boundary mean free path (millimetre): 1000.000
Number of triplets: 1305
Frequency     group velocity (x, y, z)     |gv|  (dq=1.0e-05)
   3.821   (   0.000   18.531   32.140)   37.099
   3.871   (   0.000   23.333   31.116)   38.893
   7.214   (   0.000    6.271   70.961)   71.237
   8.755   (  -0.000  -23.442  -12.370)   26.506
   9.669   (   0.000    2.703    9.904)   10.266
   9.787   (   0.000    7.743   -0.891)    7.794
======================= Grid point 367 (102/165) =======================
q-point: ( 0.35  0.24  0.06)
Boundary mean free path (millimetre): 1000.000
Number of triplets: 2457
Frequency     group velocity (x, y, z)     |gv|  (dq=1.0e-05)
   4.314   (   3.118   23.470   26.634)   35.636
   4.580   ( -18.234   29.643   28.346)   44.886
   7.978   (  -2.292    5.383   59.909)   60.194
   8.385   (   3.909  -21.968   -7.321)   23.483
   9.659   (  15.334   -0.955    7.253)   16.990
   9.955   ( -12.103    3.909    2.576)   12.976
======================= Grid point 368 (103/165) =======================
q-point: ( 0.41  0.24  0.06)
Boundary mean free path (millimetre): 1000.000
Number of triplets: 2457
Frequency     group velocity (x, y, z)     |gv|  (dq=1.0e-05)
   4.799   (   0.367   25.429   20.750)   32.823
   5.407   ( -23.153   31.651   26.284)   47.210
   8.024   (   4.771  -18.753   -7.215)   20.652
   8.647   (  -2.385    0.649   51.310)   51.369
   9.520   (  17.661   -6.517    6.975)   20.076
  10.126   (  -7.785    3.024    3.242)    8.959
======================= Grid point 369 (104/165) =======================
q-point: ( 0.47  0.24  0.06)
Boundary mean free path (millimetre): 1000.000
Number of triplets: 2457
Frequency     group velocity (x, y, z)     |gv|  (dq=1.0e-05)
   5.261   (  -1.689   25.985   14.981)   30.042
   6.233   ( -22.699   28.506   24.560)   43.943
   7.723   (   4.943  -17.182   -4.141)   18.352
   9.060   (   1.242  -11.153   24.915)   27.325
   9.357   (  18.723   -3.094   19.170)   26.974
  10.246   (  -3.472    2.055    3.662)    5.449
======================= Grid point 370 (105/165) =======================
q-point: ( 0.53  0.24  0.06)
Boundary mean free path (millimetre): 1000.000
Number of triplets: 2457
Frequency     group velocity (x, y, z)     |gv|  (dq=1.0e-05)
   5.683   (  -3.190   25.413    9.740)   27.402
   6.892   ( -11.174    9.196   19.145)   23.998
   7.543   (  -2.385   -2.273    1.997)    3.853
   8.846   (  15.749  -22.628    1.387)   27.604
   9.508   (  11.632    0.016   26.262)   28.722
  10.323   (  -0.334    0.523    4.893)    4.933
======================= Grid point 371 (106/165) =======================
q-point: ( 0.59  0.24  0.06)
Boundary mean free path (millimetre): 1000.000
Number of triplets: 2457
Frequency     group velocity (x, y, z)     |gv|  (dq=1.0e-05)
   6.054   (  -4.079   23.039    5.420)   24.017
   6.893   (   9.848  -20.462    5.814)   23.441
   7.908   ( -16.157   21.447   14.467)   30.501
   8.398   (  18.820  -26.881   -2.081)   32.881
   9.556   (  16.947   -2.771   14.074)   22.203
  10.366   (   1.783   -1.652    5.752)    6.244
======================= Grid point 372 (107/165) =======================
q-point: (-0.35  0.24  0.06)
Boundary mean free path (millimetre): 1000.000
Number of triplets: 2457
Frequency     group velocity (x, y, z)     |gv|  (dq=1.0e-05)
   6.324   (  -1.564    7.936    3.184)    8.692
   6.587   (  14.937  -14.773    2.435)   21.149
   7.870   (  17.695  -28.495   -3.946)   33.773
   8.427   ( -11.445   18.077   12.864)   24.965
   9.412   (  22.223   -4.540    7.026)   23.745
  10.360   (   3.763   -3.790    3.475)    6.372
======================= Grid point 373 (108/165) =======================
q-point: (-0.29  0.24  0.06)
Boundary mean free path (millimetre): 1000.000
Number of triplets: 2457
Frequency     group velocity (x, y, z)     |gv|  (dq=1.0e-05)
   6.081   (  18.254  -29.463    4.166)   34.909
   6.477   (  12.001   -2.018   -3.765)   12.738
   7.457   (   6.031  -11.748   -2.623)   13.463
   8.666   (  11.927    3.161    1.593)   12.441
   9.276   (  10.016    2.498   12.122)   15.922
  10.276   (   5.566   -5.289   -1.221)    7.775
======================= Grid point 374 (109/165) =======================
q-point: (-0.24  0.24  0.06)
Boundary mean free path (millimetre): 1000.000
Number of triplets: 2457
Frequency     group velocity (x, y, z)     |gv|  (dq=1.0e-05)
   5.572   (  25.075  -30.852    2.335)   39.825
   6.035   (  23.624  -31.469   -4.901)   39.654
   7.492   (  -7.320   13.332   -0.583)   15.221
   8.314   (  36.455  -10.916   -3.220)   38.190
   9.487   (  -4.607    8.575   13.789)   16.878
  10.111   (   7.063   -6.203   -6.187)   11.254
======================= Grid point 375 (110/165) =======================
q-point: (-0.18  0.24  0.06)
Boundary mean free path (millimetre): 1000.000
Number of triplets: 1305
Frequency     group velocity (x, y, z)     |gv|  (dq=1.0e-05)
   4.974   (  29.479  -31.410    0.000)   43.076
   5.355   (  27.705  -39.648    0.000)   48.369
   7.684   (  34.922  -10.782   -0.000)   36.548
   7.790   (   1.098   12.925   -0.000)   12.971
   9.747   (  -8.500    8.285   -0.000)   11.870
   9.890   (   9.486   -7.681    0.000)   12.205
======================= Grid point 384 (111/165) =======================
q-point: ( 0.35  0.29  0.06)
Boundary mean free path (millimetre): 1000.000
Number of triplets: 1305
Frequency     group velocity (x, y, z)     |gv|  (dq=1.0e-05)
   4.424   (   0.000   17.524   25.767)   31.161
   4.456   (   0.000   20.738   25.006)   32.486
   8.373   (   0.000   -6.297    6.811)    9.276
   8.709   (   0.000   -8.479   42.295)   43.137
   9.856   (   0.000   -0.639    6.274)    6.306
   9.881   (   0.000    2.590   10.102)   10.429
======================= Grid point 385 (112/165) =======================
q-point: ( 0.41  0.29  0.06)
Boundary mean free path (millimetre): 1000.000
Number of triplets: 2457
Frequency     group velocity (x, y, z)     |gv|  (dq=1.0e-05)
   4.806   (   6.154   21.492   20.542)   30.360
   5.106   ( -20.482   28.379   22.133)   41.410
   8.175   (   3.408  -14.571   -6.474)   16.305
   9.189   (  -0.050   -5.393   48.580)   48.879
   9.814   (  11.670   -4.851    8.825)   15.414
  10.072   (  -7.202    3.100    7.809)   11.066
======================= Grid point 386 (113/165) =======================
q-point: ( 0.47  0.29  0.06)
Boundary mean free path (millimetre): 1000.000
Number of triplets: 2457
Frequency     group velocity (x, y, z)     |gv|  (dq=1.0e-05)
   5.174   (   3.678   23.086   15.220)   27.895
   5.884   ( -25.734   31.664   19.599)   45.266
   7.922   (   5.312  -15.847   -2.502)   16.900
   9.452   (   1.623  -17.173   17.606)   24.648
   9.781   (  15.150   -0.569   24.142)   28.508
  10.248   (  -4.370    2.204    9.445)   10.638
======================= Grid point 387 (114/165) =======================
q-point: ( 0.53  0.29  0.06)
Boundary mean free path (millimetre): 1000.000
Number of triplets: 2457
Frequency     group velocity (x, y, z)     |gv|  (dq=1.0e-05)
   5.523   (   1.609   23.746   10.177)   25.885
   6.671   ( -25.291   29.156   17.634)   42.434
   7.686   (   6.082  -15.146    0.124)   16.322
   9.245   (   9.069  -24.996    2.500)   26.708
   9.894   (  14.203    0.598   19.871)   24.432
  10.405   (  -0.913   -0.596   13.325)   13.369
======================= Grid point 388 (115/165) =======================
q-point: ( 0.59  0.29  0.06)
Boundary mean free path (millimetre): 1000.000
Number of triplets: 2457
Frequency     group velocity (x, y, z)     |gv|  (dq=1.0e-05)
   5.845   (  -0.213   23.612    5.897)   24.338
   7.215   (  -1.182   -4.778   12.397)   13.339
   7.622   ( -12.841   13.940    4.266)   19.427
   8.847   (  12.505  -30.580   -0.916)   33.051
   9.879   (  17.804    0.016    9.146)   20.016
  10.513   (   2.531   -3.819   12.481)   13.296
======================= Grid point 389 (116/165) =======================
q-point: (-0.35  0.29  0.06)
Boundary mean free path (millimetre): 1000.000
Number of triplets: 2457
Frequency     group velocity (x, y, z)     |gv|  (dq=1.0e-05)
   6.139   (  -1.593   22.116    2.775)   22.346
   7.015   (  14.435  -22.045    5.330)   26.884
   8.143   ( -19.305   23.471    7.675)   31.345
   8.347   (  13.720  -34.022   -2.458)   36.766
   9.728   (  22.271   -0.900    3.530)   22.567
  10.523   (   5.448   -6.305    7.549)   11.244
======================= Grid point 390 (117/165) =======================
q-point: (-0.29  0.29  0.06)
Boundary mean free path (millimetre): 1000.000
Number of triplets: 2457
Frequency     group velocity (x, y, z)     |gv|  (dq=1.0e-05)
   6.378   (  -0.589   15.055    1.537)   15.145
   6.637   (  19.166  -23.437    1.724)   30.325
   7.802   (  13.353  -33.908   -2.063)   36.501
   8.596   (  -9.916   16.930    3.788)   19.983
   9.504   (  22.061   -0.177    2.011)   22.153
  10.429   (   7.728   -7.966    2.242)   11.323
======================= Grid point 391 (118/165) =======================
q-point: (-0.24  0.29  0.06)
Boundary mean free path (millimetre): 1000.000
Number of triplets: 1305
Frequency     group velocity (x, y, z)     |gv|  (dq=1.0e-05)
   6.147   (  23.302  -27.841    0.000)   36.305
   6.421   (   9.486   -7.934    0.000)   12.367
   7.428   (   3.824  -11.444    0.000)   12.066
   8.671   (  18.961    0.145   -0.000)   18.961
   9.418   (   2.631    8.428   -0.000)    8.829
  10.259   (   9.141   -8.649    0.000)   12.584
======================= Grid point 402 (119/165) =======================
q-point: ( 0.41  0.35  0.06)
Boundary mean free path (millimetre): 1000.000
Number of triplets: 1305
Frequency     group velocity (x, y, z)     |gv|  (dq=1.0e-05)
   4.890   (   0.000   16.904   18.924)   25.374
   4.909   (   0.000   18.986   18.464)   26.484
   8.250   (  -0.000   -8.769   -5.794)   10.510
   9.727   (   0.000   -9.748   37.429)   38.678
  10.048   (   0.000   -1.124   16.420)   16.458
  10.078   (   0.000    2.454    8.620)    8.963
======================= Grid point 403 (120/165) =======================
q-point: ( 0.47  0.35  0.06)
Boundary mean free path (millimetre): 1000.000
Number of triplets: 2457
Frequency     group velocity (x, y, z)     |gv|  (dq=1.0e-05)
   5.167   (   8.271   19.978   14.073)   25.798
   5.497   ( -22.016   27.715   15.364)   38.586
   8.087   (   3.121  -11.326   -1.995)   11.917
   9.794   (   0.818  -18.404    9.548)   20.750
  10.129   (  10.077    2.444   13.265)   16.837
  10.351   (  -4.115   -0.204   25.807)   26.134
======================= Grid point 404 (121/165) =======================
q-point: ( 0.53  0.35  0.06)
Boundary mean free path (millimetre): 1000.000
Number of triplets: 2457
Frequency     group velocity (x, y, z)     |gv|  (dq=1.0e-05)
   5.430   (   5.978   21.431    9.352)   24.135
   6.219   ( -27.563   32.002   12.376)   44.012
   7.909   (   5.586  -13.214    0.701)   14.363
   9.602   (   3.968  -24.915    2.940)   25.399
  10.158   (  11.839    2.973    8.123)   14.662
  10.610   (   0.055   -3.131   22.187)   22.407
======================= Grid point 405 (122/165) =======================
q-point: ( 0.59  0.35  0.06)
Boundary mean free path (millimetre): 1000.000
Number of triplets: 2457
Frequency     group velocity (x, y, z)     |gv|  (dq=1.0e-05)
   5.683   (   3.723   22.359    5.173)   23.250
   6.960   ( -27.887   31.284    9.828)   43.046
   7.705   (   7.848  -14.449    1.189)   16.486
   9.268   (   6.799  -31.277    0.218)   32.008
  10.107   (  15.869    2.711    4.075)   16.606
  10.738   (   3.167   -5.495   14.272)   15.617
======================= Grid point 406 (123/165) =======================
q-point: (-0.35  0.35  0.06)
Boundary mean free path (millimetre): 1000.000
Number of triplets: 2457
Frequency     group velocity (x, y, z)     |gv|  (dq=1.0e-05)
   5.928   (   1.395   22.764    1.983)   22.893
   7.407   (  10.071  -15.890    5.358)   19.560
   7.683   ( -24.011   27.351    1.281)   36.417
   8.825   (   9.345  -36.489   -0.823)   37.676
   9.970   (  20.417    1.849    1.375)   20.547
  10.731   (   5.641   -7.281    6.248)   11.130
======================= Grid point 407 (124/165) =======================
q-point: (-0.29  0.35  0.06)
Boundary mean free path (millimetre): 1000.000
Number of triplets: 1305
Frequency     group velocity (x, y, z)     |gv|  (dq=1.0e-05)
   6.168   (  -0.691   21.982   -0.000)   21.993
   7.078   (  16.241  -21.705    0.000)   27.109
   8.222   ( -19.121   22.209   -0.000)   29.306
   8.317   (  10.146  -35.937    0.000)   37.342
   9.757   (  23.723    0.519   -0.000)   23.728
  10.611   (   7.323   -8.287    0.000)   11.059
======================= Grid point 420 (125/165) =======================
q-point: ( 0.47  0.41  0.06)
Boundary mean free path (millimetre): 1000.000
Number of triplets: 1305
Frequency     group velocity (x, y, z)     |gv|  (dq=1.0e-05)
   5.209   (   0.000   16.504   11.635)   20.193
   5.221   (   0.000   17.974   11.424)   21.297
   8.178   (  -0.000   -6.644   -1.545)    6.821
  10.049   (  -0.000  -14.441    5.803)   15.563
  10.230   (   0.000    2.331    5.743)    6.198
  10.658   (   0.000   -1.428   29.020)   29.055
======================= Grid point 421 (126/165) =======================
q-point: ( 0.53  0.41  0.06)
Boundary mean free path (millimetre): 1000.000
Number of triplets: 2457
Frequency     group velocity (x, y, z)     |gv|  (dq=1.0e-05)
   5.389   (   9.585   19.052    7.191)   22.507
   5.740   ( -23.005   27.477    7.928)   36.702
   8.075   (   2.894   -9.092    0.258)    9.545
   9.901   (   1.051  -21.588    2.742)   21.787
  10.276   (   6.254    3.236    3.937)    8.067
  10.878   (   0.993   -3.683   19.027)   19.406
======================= Grid point 422 (127/165) =======================
q-point: ( 0.59  0.41  0.06)
Boundary mean free path (millimetre): 1000.000
Number of triplets: 2457
Frequency     group velocity (x, y, z)     |gv|  (dq=1.0e-05)
   5.561   (   7.189   20.594    3.164)   22.041
   6.393   ( -28.641   32.414    4.268)   43.465
   7.929   (   5.814  -11.606    0.759)   13.003
   9.636   (   2.939  -28.527    0.686)   28.686
  10.248   (  11.816    3.605    1.808)   12.486
  10.955   (   2.889   -5.506    8.934)   10.884
======================= Grid point 423 (128/165) =======================
q-point: (-0.35 -0.59  0.06)
Boundary mean free path (millimetre): 1000.000
Number of triplets: 1305
Frequency     group velocity (x, y, z)     |gv|  (dq=1.0e-05)
   5.737   (   4.460   21.898   -0.000)   22.348
   7.065   ( -29.426   32.906   -0.000)   44.144
   7.720   (   9.133  -14.718    0.000)   17.322
   9.268   (   5.602  -33.956    0.000)   34.415
  10.144   (  16.712    3.244   -0.000)   17.024
  10.895   (   4.649   -6.819    0.000)    8.253
======================= Grid point 439 (129/165) =======================
q-point: ( 0.53  0.47  0.06)
Boundary mean free path (millimetre): 1000.000
Number of triplets: 1305
Frequency     group velocity (x, y, z)     |gv|  (dq=1.0e-05)
   5.371   (  -0.000   16.297    3.936)   16.766
   5.381   (   0.000   17.535    3.880)   17.959
   8.166   (  -0.000   -5.559   -0.053)    5.559
  10.124   (  -0.000  -15.513    1.741)   15.610
  10.311   (  -0.000    2.258    2.008)    3.021
  11.074   (  -0.000   -2.932   10.262)   10.672
======================= Grid point 440 (130/165) =======================
q-point: (-0.41 -0.53  0.06)
Boundary mean free path (millimetre): 1000.000
Number of triplets: 1305
Frequency     group velocity (x, y, z)     |gv|  (dq=1.0e-05)
   5.464   (  10.038   18.745   -0.000)   21.263
   5.823   ( -23.359   27.433   -0.000)   36.031
   8.080   (   2.818   -8.287    0.000)    8.753
   9.928   (   0.848  -22.845    0.000)   22.861
  10.317   (   6.385    3.236   -0.000)    7.158
  11.080   (   1.586   -4.492    0.000)    4.764
======================= Grid point 661 (131/165) =======================
q-point: ( 0.35  0.24  0.12)
Boundary mean free path (millimetre): 1000.000
Number of triplets: 1305
Frequency     group velocity (x, y, z)     |gv|  (dq=1.0e-05)
   4.332   (   0.000   29.092   30.686)   42.285
   4.526   (   0.000   37.735   28.197)   47.107
   7.401   (   0.000   11.608   61.892)   62.971
   8.241   (  -0.000  -24.514   -8.733)   26.023
   9.754   (   0.000    5.366    9.757)   11.135
   9.856   (  -0.000   -1.400   -6.605)    6.752
======================= Grid point 662 (132/165) =======================
q-point: ( 0.41  0.24  0.12)
Boundary mean free path (millimetre): 1000.000
Number of triplets: 2457
Frequency     group velocity (x, y, z)     |gv|  (dq=1.0e-05)
   4.908   (   5.052   31.780   25.163)   40.850
   5.287   ( -13.497   37.005   26.541)   47.497
   7.900   (   0.599  -23.175   -6.855)   24.175
   8.119   (  -2.876    8.009   51.320)   52.021
   9.620   (  18.758   -3.766    0.954)   19.156
  10.016   ( -12.214    3.016    4.019)   13.207
======================= Grid point 663 (133/165) =======================
q-point: ( 0.47  0.24  0.12)
Boundary mean free path (millimetre): 1000.000
Number of triplets: 2457
Frequency     group velocity (x, y, z)     |gv|  (dq=1.0e-05)
   5.421   (   4.785   32.527   18.859)   37.902
   6.073   ( -15.679   30.450   25.419)   42.652
   7.602   (   0.499  -19.013   -5.328)   19.751
   8.673   (  -2.457    1.251   36.467)   36.571
   9.386   (  19.291   -6.484    5.090)   20.978
  10.186   (  -5.851    3.319    4.192)    7.926
======================= Grid point 664 (134/165) =======================
q-point: ( 0.53  0.24  0.12)
Boundary mean free path (millimetre): 1000.000
Number of triplets: 2457
Frequency     group velocity (x, y, z)     |gv|  (dq=1.0e-05)
   5.874   (   3.768   30.969   12.898)   33.759
   6.667   (  -8.517    5.536   18.269)   20.903
   7.470   (  -4.179    1.707    3.090)    5.471
   8.774   (  10.111  -15.371    1.742)   18.481
   9.352   (  11.755    1.529   26.746)   29.255
  10.292   (  -0.862    2.633    3.559)    4.510
======================= Grid point 665 (135/165) =======================
q-point: ( 0.59  0.24  0.12)
Boundary mean free path (millimetre): 1000.000
Number of triplets: 2457
Frequency     group velocity (x, y, z)     |gv|  (dq=1.0e-05)
   6.234   (   2.903   21.891    6.971)   23.157
   6.691   (   3.579  -16.591    6.372)   18.129
   7.844   ( -10.491   24.200   16.042)   30.872
   8.378   (  16.543  -22.264   -7.892)   28.838
   9.520   (  13.611    1.034   22.470)   26.291
  10.337   (   2.072    1.035    2.984)    3.777
======================= Grid point 679 (136/165) =======================
q-point: ( 0.41  0.29  0.12)
Boundary mean free path (millimetre): 1000.000
Number of triplets: 1305
Frequency     group velocity (x, y, z)     |gv|  (dq=1.0e-05)
   4.912   (   0.000   27.975   24.889)   37.444
   5.054   (   0.000   35.298   22.516)   41.868
   8.071   (  -0.000  -21.105   -6.641)   22.125
   8.621   (   0.000   -0.212   53.338)   53.339
   9.794   (  -0.000   -5.678    0.952)    5.757
   9.961   (   0.000    5.125    9.903)   11.150
======================= Grid point 680 (137/165) =======================
q-point: ( 0.47  0.29  0.12)
Boundary mean free path (millimetre): 1000.000
Number of triplets: 2457
Frequency     group velocity (x, y, z)     |gv|  (dq=1.0e-05)
   5.369   (  10.565   30.940   19.077)   37.853
   5.779   ( -18.966   35.114   20.873)   45.038
   7.789   (   1.477  -21.312   -3.033)   21.578
   9.063   (  -0.134   -6.912   33.204)   33.916
   9.697   (  11.277   -6.429   11.366)   17.253
  10.149   (  -4.835    4.720    7.779)   10.304
======================= Grid point 681 (138/165) =======================
q-point: ( 0.53  0.29  0.12)
Boundary mean free path (millimetre): 1000.000
Number of triplets: 2457
Frequency     group velocity (x, y, z)     |gv|  (dq=1.0e-05)
   5.757   (   9.588   31.226   13.506)   35.347
   6.539   ( -19.801   28.069   19.521)   39.509
   7.551   (   1.273  -16.578    0.049)   16.627
   9.062   (   5.752  -19.897    2.187)   20.827
   9.768   (  11.452   -1.024   28.835)   31.043
  10.303   (  -1.542    3.447    7.069)    8.014
======================= Grid point 682 (139/165) =======================
q-point: ( 0.59  0.29  0.12)
Boundary mean free path (millimetre): 1000.000
Number of triplets: 2457
Frequency     group velocity (x, y, z)     |gv|  (dq=1.0e-05)
   6.098   (   7.969   29.328    8.758)   31.628
   6.979   (  -2.448  -10.963   12.926)   17.125
   7.594   ( -12.287   18.544    7.141)   23.363
   8.697   (  10.054  -27.054   -6.651)   29.618
   9.906   (  15.111    0.177   22.023)   26.710
  10.401   (   1.473    0.581    7.609)    7.772
======================= Grid point 683 (140/165) =======================
q-point: (-0.35  0.29  0.12)
Boundary mean free path (millimetre): 1000.000
Number of triplets: 2457
Frequency     group velocity (x, y, z)     |gv|  (dq=1.0e-05)
   6.368   (   6.592   20.403    5.852)   22.226
   6.833   (   8.504  -19.571    7.250)   22.536
   8.118   ( -11.148   18.701    8.406)   23.338
   8.194   (   6.828  -23.428   -7.747)   25.603
   9.896   (  22.140    1.000   12.335)   25.364
  10.438   (   3.695   -2.960    6.781)    8.270
======================= Grid point 684 (141/165) =======================
q-point: (-0.29  0.29  0.12)
Boundary mean free path (millimetre): 1000.000
Number of triplets: 2457
Frequency     group velocity (x, y, z)     |gv|  (dq=1.0e-05)
   6.373   (  11.014  -21.356    9.518)   25.845
   6.703   (  11.083    9.418   -2.561)   14.768
   7.637   (   9.282  -28.044   -8.370)   30.703
   8.629   ( -10.373   21.856    7.719)   25.394
   9.740   (  27.967    1.406    6.969)   28.856
  10.397   (   5.803   -5.514    3.185)    8.615
======================= Grid point 685 (142/165) =======================
q-point: (-0.24  0.29  0.12)
Boundary mean free path (millimetre): 1000.000
Number of triplets: 2457
Frequency     group velocity (x, y, z)     |gv|  (dq=1.0e-05)
   6.024   (  18.417  -30.616    8.340)   36.689
   6.449   (  17.230  -21.839   -9.988)   29.556
   7.418   (  -0.264    6.478   -1.117)    6.579
   8.884   (  10.270   10.845    1.922)   15.059
   9.566   (  18.942    5.388    6.454)   20.724
  10.272   (   7.870   -6.915   -0.834)   10.509
======================= Grid point 686 (143/165) =======================
q-point: (-0.18  0.29  0.12)
Boundary mean free path (millimetre): 1000.000
Number of triplets: 1305
Frequency     group velocity (x, y, z)     |gv|  (dq=1.0e-05)
   5.533   (  24.052  -30.537    0.000)   38.871
   5.849   (  20.288  -38.505    0.000)   43.523
   7.607   (  -4.739   20.756   -0.000)   21.290
   8.645   (  40.117   -1.768   -0.000)   40.156
   9.626   (  -1.055    9.962   -0.000)   10.017
  10.091   (   9.571   -7.312    0.000)   12.045
======================= Grid point 697 (144/165) =======================
q-point: ( 0.47  0.35  0.12)
Boundary mean free path (millimetre): 1000.000
Number of triplets: 1305
Frequency     group velocity (x, y, z)     |gv|  (dq=1.0e-05)
   5.363   (   0.000   27.209   18.323)   32.804
   5.463   (   0.000   33.162   16.836)   37.191
   7.977   (  -0.000  -17.343   -2.305)   17.496
   9.465   (   0.000  -14.977   20.886)   25.701
   9.996   (   0.000   -3.722   23.959)   24.247
  10.154   (   0.000    4.851    8.416)    9.714
======================= Grid point 698 (145/165) =======================
q-point: ( 0.53  0.35  0.12)
Boundary mean free path (millimetre): 1000.000
Number of triplets: 2457
Frequency     group velocity (x, y, z)     |gv|  (dq=1.0e-05)
   5.702   (  14.434   30.002   12.983)   35.735
   6.153   ( -22.714   34.225   14.947)   43.711
   7.773   (   2.108  -18.417    1.228)   18.578
   9.350   (   2.088  -23.653    1.811)   23.814
  10.172   (  11.171    0.601   21.580)   24.307
  10.346   (  -5.107    1.025   15.286)   16.149
======================= Grid point 699 (146/165) =======================
q-point: ( 0.59  0.35  0.12)
Boundary mean free path (millimetre): 1000.000
Number of triplets: 2457
Frequency     group velocity (x, y, z)     |gv|  (dq=1.0e-05)
   5.984   (  12.871   30.252    8.340)   33.918
   6.888   ( -22.979   29.141   13.826)   39.603
   7.582   (   2.710  -15.409    2.352)   15.821
   9.015   (   4.567  -30.576   -4.256)   31.207
  10.231   (  14.339    3.433   11.471)   18.681
  10.536   (  -0.555   -3.360   16.336)   16.687
======================= Grid point 700 (147/165) =======================
q-point: ( 0.65  0.35  0.12)
Boundary mean free path (millimetre): 1000.000
Number of triplets: 2457
Frequency     group velocity (x, y, z)     |gv|  (dq=1.0e-05)
   6.238   (  10.769   29.140    4.648)   31.412
   7.225   (   4.716  -18.534   10.203)   21.676
   7.714   ( -19.878   27.985    3.657)   34.520
   8.548   (   6.282  -36.620   -6.612)   37.739
  10.185   (  19.647    4.296    6.075)   21.009
  10.615   (   3.168   -5.986   10.716)   12.677
======================= Grid point 701 (148/165) =======================
q-point: (-0.29  0.35  0.12)
Boundary mean free path (millimetre): 1000.000
Number of triplets: 2457
Frequency     group velocity (x, y, z)     |gv|  (dq=1.0e-05)
   6.459   (   8.821   25.149    2.408)   26.760
   6.968   (  12.551  -23.767    4.445)   27.242
   8.010   (   6.818  -39.516   -5.390)   40.460
   8.273   ( -18.723   27.716    3.429)   33.623
  10.039   (  25.541    4.300    2.674)   26.038
  10.573   (   5.902   -7.650    4.324)   10.585
======================= Grid point 702 (149/165) =======================
q-point: (-0.24  0.35  0.12)
Boundary mean free path (millimetre): 1000.000
Number of triplets: 1305
Frequency     group velocity (x, y, z)     |gv|  (dq=1.0e-05)
   6.567   (  16.998  -27.104    0.000)   31.993
   6.592   (   9.278   10.837   -0.000)   14.267
   7.541   (   5.552  -27.464    0.000)   28.020
   8.708   ( -10.639   21.302   -0.000)   23.811
   9.810   (  28.528    3.953   -0.000)   28.801
  10.437   (   7.703   -8.215    0.000)   11.261
======================= Grid point 715 (150/165) =======================
q-point: ( 0.53  0.41  0.12)
Boundary mean free path (millimetre): 1000.000
Number of triplets: 1305
Frequency     group velocity (x, y, z)     |gv|  (dq=1.0e-05)
   5.672   (  -0.000   26.668   11.256)   28.946
   5.750   (   0.000   31.999   10.634)   33.720
   7.966   (  -0.000  -13.764    0.855)   13.790
   9.635   (  -0.000  -24.567    2.428)   24.687
  10.302   (  -0.000    4.612    5.591)    7.247
  10.601   (  -0.000   -4.011   26.516)   26.817
======================= Grid point 716 (151/165) =======================
q-point: ( 0.59  0.41  0.12)
Boundary mean free path (millimetre): 1000.000
Number of triplets: 2457
Frequency     group velocity (x, y, z)     |gv|  (dq=1.0e-05)
   5.907   (  16.723   29.404    6.648)   34.474
   6.394   ( -25.032   34.441    7.949)   43.312
   7.817   (   2.721  -15.629    2.349)   16.037
   9.340   (   1.310  -31.474   -1.327)   31.529
  10.366   (   7.159    5.304    4.043)    9.784
  10.777   (   0.702   -5.851   17.247)   18.226
======================= Grid point 717 (152/165) =======================
q-point: ( 0.65  0.41  0.12)
Boundary mean free path (millimetre): 1000.000
Number of triplets: 2457
Frequency     group velocity (x, y, z)     |gv|  (dq=1.0e-05)
   6.101   (  14.607   29.902    2.844)   33.400
   7.094   ( -26.429   33.882    5.390)   43.308
   7.625   (   5.613  -17.098    1.289)   18.042
   8.936   (   2.669  -37.731   -2.416)   37.902
  10.346   (  13.790    5.688    2.084)   15.062
  10.821   (   2.875   -7.194    7.857)   11.034
======================= Grid point 718 (153/165) =======================
q-point: (-0.29  0.41  0.12)
Boundary mean free path (millimetre): 1000.000
Number of triplets: 1305
Frequency     group velocity (x, y, z)     |gv|  (dq=1.0e-05)
   6.287   (  11.777   29.334   -0.000)   31.610
   7.348   (   9.744  -20.985    0.000)   23.137
   7.746   ( -24.663   32.107   -0.000)   40.486
   8.470   (   4.424  -41.271    0.000)   41.507
  10.239   (  20.228    5.582   -0.000)   20.984
  10.739   (   4.833   -7.999    0.000)    9.346
======================= Grid point 733 (154/165) =======================
q-point: ( 0.59  0.47  0.12)
Boundary mean free path (millimetre): 1000.000
Number of triplets: 1305
Frequency     group velocity (x, y, z)     |gv|  (dq=1.0e-05)
   5.829   (  -0.000   26.374    3.804)   26.647
   5.900   (   0.000   31.606    3.662)   31.818
   7.989   (  -0.000  -11.504    0.834)   11.534
   9.659   (  -0.000  -28.661    0.367)   28.663
  10.381   (  -0.000    4.472    1.952)    4.879
  10.985   (  -0.000   -5.527    9.544)   11.029
======================= Grid point 734 (155/165) =======================
q-point: (-0.35 -0.53  0.12)
Boundary mean free path (millimetre): 1000.000
Number of triplets: 1305
Frequency     group velocity (x, y, z)     |gv|  (dq=1.0e-05)
   5.977   (  17.494   29.215   -0.000)   34.053
   6.477   ( -25.861   34.708   -0.000)   43.283
   7.846   (   3.016  -14.298    0.000)   14.612
   9.323   (   0.889  -34.627    0.000)   34.639
  10.407   (   6.968    5.358   -0.000)    8.790
  10.961   (   1.620   -6.723    0.000)    6.916
======================= Grid point 991 (156/165) =======================
q-point: ( 0.53  0.35  0.18)
Boundary mean free path (millimetre): 1000.000
Number of triplets: 1305
Frequency     group velocity (x, y, z)     |gv|  (dq=1.0e-05)
   5.968   (  -0.000   29.824   17.672)   34.666
   6.219   (   0.000   36.442   15.568)   39.628
   7.566   (  -0.000  -19.575    0.601)   19.585
   9.118   (  -0.000  -18.218    3.634)   18.577
   9.904   (   0.000   -4.778   28.206)   28.608
  10.278   (  -0.000    6.926    8.094)   10.653
======================= Grid point 992 (157/165) =======================
q-point: ( 0.59  0.35  0.18)
Boundary mean free path (millimetre): 1000.000
Number of triplets: 2457
Frequency     group velocity (x, y, z)     |gv|  (dq=1.0e-05)
   6.344   (  13.521   29.766   12.512)   35.006
   6.785   ( -13.300   15.158   15.423)   25.387
   7.450   (  -2.366   -0.769    2.453)    3.494
   8.831   (   3.090  -25.960   -8.917)   27.622
  10.130   (   5.659   -3.943   27.619)   28.467
  10.426   (   0.801    6.086    6.984)    9.298
======================= Grid point 993 (158/165) =======================
q-point: ( 0.65  0.35  0.18)
Boundary mean free path (millimetre): 1000.000
Number of triplets: 2457
Frequency     group velocity (x, y, z)     |gv|  (dq=1.0e-05)
   6.585   (  13.253   19.573    9.379)   25.430
   6.937   (   1.102  -14.605   11.280)   18.487
   7.798   ( -14.474   33.125    5.479)   36.562
   8.361   (   5.571  -31.752  -13.841)   35.083
  10.258   (  11.364   -1.658   19.281)   22.442
  10.517   (   3.936    2.427    6.155)    7.699
======================= Grid point 1009 (159/165) =======================
q-point: ( 0.59  0.41  0.18)
Boundary mean free path (millimetre): 1000.000
Number of triplets: 1305
Frequency     group velocity (x, y, z)     |gv|  (dq=1.0e-05)
   6.265   (  -0.000   29.256   10.810)   31.190
   6.497   (   0.000   37.372   10.887)   38.926
   7.615   (  -0.000  -18.579    3.590)   18.922
   9.060   (  -0.000  -29.884   -5.425)   30.373
  10.419   (   0.000    6.604    5.356)    8.503
  10.496   (  -0.000   -5.874   24.469)   25.164
======================= Grid point 1010 (160/165) =======================
q-point: ( 0.65  0.41  0.18)
Boundary mean free path (millimetre): 1000.000
Number of triplets: 2457
Frequency     group velocity (x, y, z)     |gv|  (dq=1.0e-05)
   6.545   (  16.311   30.128    6.636)   34.897
   7.085   ( -16.112   20.909   12.679)   29.284
   7.488   (  -1.524   -5.134    0.710)    5.402
   8.630   (   1.878  -35.774   -8.849)   36.900
  10.490   (   8.711    6.038    5.354)   11.875
  10.646   (  -0.227   -6.114   14.348)   15.598
======================= Grid point 1011 (161/165) =======================
q-point: (-0.29  0.41  0.18)
Boundary mean free path (millimetre): 1000.000
Number of triplets: 2457
Frequency     group velocity (x, y, z)     |gv|  (dq=1.0e-05)
   6.730   (  16.160   27.629    3.783)   32.230
   7.156   (   5.272  -22.773    7.981)   24.700
   7.837   ( -19.658   27.577   -1.564)   33.902
   8.132   (   3.000  -32.447   -5.848)   33.106
  10.476   (  15.226    6.329    3.337)   16.823
  10.667   (   2.955   -7.104    5.847)    9.663
======================= Grid point 1012 (162/165) =======================
q-point: (-0.24  0.41  0.18)
Boundary mean free path (millimetre): 1000.000
Number of triplets: 1305
Frequency     group velocity (x, y, z)     |gv|  (dq=1.0e-05)
   6.846   (  15.043   17.836   -0.000)   23.332
   6.852   (  10.315  -26.469    0.000)   28.408
   7.622   (   1.474  -32.789    0.000)   32.822
   8.419   ( -15.025   31.301   -0.000)   34.720
  10.366   (  22.485    6.411   -0.000)   23.381
  10.572   (   5.084   -7.874    0.000)    9.373
======================= Grid point 1027 (163/165) =======================
q-point: ( 0.65  0.47  0.18)
Boundary mean free path (millimetre): 1000.000
Number of triplets: 1305
Frequency     group velocity (x, y, z)     |gv|  (dq=1.0e-05)
   6.416   (  -0.000   28.931    3.642)   29.159
   6.656   (   0.000   39.802    4.020)   40.004
   7.685   (  -0.000  -17.618    2.248)   17.761
   8.962   (  -0.000  -37.399   -2.988)   37.518
  10.495   (  -0.000    6.421    1.866)    6.686
  10.850   (  -0.000   -7.252    8.811)   11.412
======================= Grid point 1028 (164/165) =======================
q-point: (-0.29 -0.53  0.18)
Boundary mean free path (millimetre): 1000.000
Number of triplets: 1305
Frequency     group velocity (x, y, z)     |gv|  (dq=1.0e-05)
   6.615   (  17.142   30.508   -0.000)   34.994
   7.243   ( -21.216   38.156   -0.000)   43.658
   7.483   (   3.245  -20.558    0.000)   20.812
   8.525   (   1.217  -40.702    0.000)   40.720
  10.536   (   7.523    7.002   -0.000)   10.277
  10.808   (   1.681   -7.849    0.000)    8.027
======================= Grid point 1322 (165/165) =======================
q-point: ( 0.71  0.47  0.24)
Boundary mean free path (millimetre): 1000.000
Number of triplets: 1305
Frequency     group velocity (x, y, z)     |gv|  (dq=1.0e-05)
   6.995   (  -0.000   26.094    3.458)   26.322
   7.178   (  -0.000  -19.272   14.520)   24.129
   7.569   (   0.000   31.375   -6.606)   32.063
   8.165   (  -0.000  -34.447   -7.184)   35.188
  10.644   (  -0.000    7.688    1.768)    7.889
  10.692   (  -0.000   -7.745    8.137)   11.233
=================== End of collection of collisions ===================
----------- Thermal conductivity (W/m-k) with tetrahedron method -----------
#  T(K)        xx         yy         zz         yz         xz         xy        
  300.0       6.072      6.072      6.072     -0.000      0.000      0.000

Thermal conductivity related properties were written into 
"kappa-m171717.hdf5".

Summary of calculation was written in "phono3py.yaml".
                 _
   ___ _ __   __| |
  / _ \ '_ \ / _` |
 |  __/ | | | (_| |
  \___|_| |_|\__,_|

